0 verbose cli C:\Program Files\nodejs\node.exe C:\Program Files\nodejs\node_modules\npm\bin\npm-cli.js
1 info using npm@10.7.0
2 info using node@v20.14.0
3 silly config:load:file:C:\Program Files\nodejs\node_modules\npm\npmrc
4 silly config:load:file:C:\Users\faruk\Documents\Fiverr\Orders\textartv2\.npmrc
5 silly config:load:file:C:\Users\faruk\.npmrc
6 silly config:load:file:C:\Users\faruk\Documents\Fiverr\Orders\textartv2\UsersmynameAppDataRoamingnpm\etc\npmrc
7 verbose title npm i disqus-react
8 verbose argv "i" "disqus-react"
9 verbose logfile logs-max:10 dir:C:\Users\faruk\Documents\Fiverr\Orders\textartv2\UsersmynameAppDataRoamingnpm-cache\_logs\2024-06-04T07_23_19_149Z-
10 verbose logfile C:\Users\faruk\Documents\Fiverr\Orders\textartv2\UsersmynameAppDataRoamingnpm-cache\_logs\2024-06-04T07_23_19_149Z-debug-0.log
11 silly logfile start cleaning logs, removing 2 files
12 silly logfile done cleaning log files
13 silly idealTree buildDeps
14 silly fetch manifest disqus-react@*
15 http fetch GET 200 https://registry.npmjs.org/disqus-react 1003ms (cache miss)
16 silly fetch manifest react@^18
17 http fetch GET 200 https://registry.npmjs.org/react 274ms (cache miss)
18 silly fetch manifest react-dom@^18
19 http fetch GET 200 https://registry.npmjs.org/react-dom 225ms (cache miss)
20 silly placeDep ROOT disqus-react@1.1.5 OK for: textartpro@0.1.0 want: *
21 silly reify moves {}
22 silly audit bulk request {
22 silly audit   '@alloc/quick-lru': [ '5.2.0' ],
22 silly audit   '@babel/runtime': [ '7.24.5' ],
22 silly audit   '@cspotcode/source-map-support': [ '0.8.1' ],
22 silly audit   '@jridgewell/trace-mapping': [ '0.3.9', '0.3.25' ],
22 silly audit   '@ctrl/react-adsense': [ '1.7.0' ],
22 silly audit   '@edge-runtime/format': [ '2.2.1' ],
22 silly audit   '@edge-runtime/node-utils': [ '2.3.0' ],
22 silly audit   '@edge-runtime/ponyfill': [ '2.4.2' ],
22 silly audit   '@edge-runtime/primitives': [ '4.1.0' ],
22 silly audit   '@edge-runtime/vm': [ '3.2.0' ],
22 silly audit   '@eslint-community/eslint-utils': [ '4.4.0' ],
22 silly audit   '@eslint-community/regexpp': [ '4.10.0' ],
22 silly audit   '@eslint/eslintrc': [ '2.1.4' ],
22 silly audit   '@eslint/js': [ '8.57.0' ],
22 silly audit   '@fastify/busboy': [ '2.1.1' ],
22 silly audit   '@humanwhocodes/config-array': [ '0.11.14' ],
22 silly audit   '@humanwhocodes/module-importer': [ '1.0.1' ],
22 silly audit   '@humanwhocodes/object-schema': [ '2.0.3' ],
22 silly audit   '@isaacs/cliui': [ '8.0.2' ],
22 silly audit   'ansi-regex': [ '6.0.1', '5.0.1' ],
22 silly audit   'strip-ansi': [ '7.1.0', '6.0.1' ],
22 silly audit   '@jridgewell/gen-mapping': [ '0.3.5' ],
22 silly audit   '@jridgewell/resolve-uri': [ '3.1.2' ],
22 silly audit   '@jridgewell/set-array': [ '1.2.1' ],
22 silly audit   '@jridgewell/sourcemap-codec': [ '1.4.15' ],
22 silly audit   '@mapbox/node-pre-gyp': [ '1.0.11' ],
22 silly audit   chownr: [ '2.0.0', '1.1.4' ],
22 silly audit   'fs-minipass': [ '2.1.0', '1.2.7' ],
22 silly audit   minipass: [ '3.3.6', '5.0.0', '2.9.0', '7.1.1' ],
22 silly audit   minizlib: [ '2.1.2', '1.3.3' ],
22 silly audit   mkdirp: [ '1.0.4', '0.5.6' ],
22 silly audit   tar: [ '6.2.1', '4.4.18' ],
22 silly audit   yallist: [ '4.0.0', '3.1.1' ],
22 silly audit   '@next/env': [ '14.2.3' ],
22 silly audit   '@next/eslint-plugin-next': [ '14.2.3' ],
22 silly audit   '@next/swc-darwin-arm64': [ '14.2.3' ],
22 silly audit   '@next/swc-darwin-x64': [ '14.2.3' ],
22 silly audit   '@next/swc-linux-arm64-gnu': [ '14.2.3' ],
22 silly audit   '@next/swc-linux-arm64-musl': [ '14.2.3' ],
22 silly audit   '@next/swc-linux-x64-gnu': [ '14.2.3' ],
22 silly audit   '@next/swc-linux-x64-musl': [ '14.2.3' ],
22 silly audit   '@next/swc-win32-arm64-msvc': [ '14.2.3' ],
22 silly audit   '@next/swc-win32-ia32-msvc': [ '14.2.3' ],
22 silly audit   '@next/swc-win32-x64-msvc': [ '14.2.3' ],
22 silly audit   '@nodelib/fs.scandir': [ '2.1.5' ],
22 silly audit   '@nodelib/fs.stat': [ '2.0.5' ],
22 silly audit   '@nodelib/fs.walk': [ '1.2.8' ],
22 silly audit   '@pkgjs/parseargs': [ '0.11.0' ],
22 silly audit   '@radix-ui/primitive': [ '1.0.1' ],
22 silly audit   '@radix-ui/react-compose-refs': [ '1.0.1' ],
22 silly audit   '@radix-ui/react-context': [ '1.0.1' ],
22 silly audit   '@radix-ui/react-dialog': [ '1.0.5' ],
22 silly audit   '@radix-ui/react-dismissable-layer': [ '1.0.5' ],
22 silly audit   '@radix-ui/react-focus-guards': [ '1.0.1' ],
22 silly audit   '@radix-ui/react-focus-scope': [ '1.0.4' ],
22 silly audit   '@radix-ui/react-id': [ '1.0.1' ],
22 silly audit   '@radix-ui/react-portal': [ '1.0.4' ],
22 silly audit   '@radix-ui/react-presence': [ '1.0.1' ],
22 silly audit   '@radix-ui/react-primitive': [ '1.0.3' ],
22 silly audit   '@radix-ui/react-slot': [ '1.0.2' ],
22 silly audit   '@radix-ui/react-use-callback-ref': [ '1.0.1' ],
22 silly audit   '@radix-ui/react-use-controllable-state': [ '1.0.1' ],
22 silly audit   '@radix-ui/react-use-escape-keydown': [ '1.0.3' ],
22 silly audit   '@radix-ui/react-use-layout-effect': [ '1.0.1' ],
22 silly audit   '@remix-run/router': [ '1.16.1' ],
22 silly audit   '@rollup/pluginutils': [ '4.2.1' ],
22 silly audit   picomatch: [ '2.3.1', '4.0.2' ],
22 silly audit   '@rushstack/eslint-patch': [ '1.10.3' ],
22 silly audit   '@sinclair/typebox': [ '0.25.24' ],
22 silly audit   '@swc/counter': [ '0.1.3' ],
22 silly audit   '@swc/helpers': [ '0.5.5' ],
22 silly audit   '@tailwindcss/typography': [ '0.5.13' ],
22 silly audit   'postcss-selector-parser': [ '6.0.10', '6.0.16' ],
22 silly audit   '@tootallnate/once': [ '2.0.0' ],
22 silly audit   '@ts-morph/common': [ '0.11.1' ],
22 silly audit   '@tsconfig/node10': [ '1.0.11' ],
22 silly audit   '@tsconfig/node12': [ '1.0.11' ],
22 silly audit   '@tsconfig/node14': [ '1.0.3' ],
22 silly audit   '@tsconfig/node16': [ '1.0.4' ],
22 silly audit   '@types/json-schema': [ '7.0.15' ],
22 silly audit   '@types/json5': [ '0.0.29' ],
22 silly audit   '@types/node': [ '20.12.12', '16.18.11' ],
22 silly audit   '@types/prop-types': [ '15.7.12' ],
22 silly audit   '@types/react': [ '18.3.2' ],
22 silly audit   '@types/react-dom': [ '18.3.0' ],
22 silly audit   '@typescript-eslint/parser': [ '7.2.0' ],
22 silly audit   '@typescript-eslint/scope-manager': [ '7.2.0' ],
22 silly audit   '@typescript-eslint/types': [ '7.2.0' ],
22 silly audit   '@typescript-eslint/typescript-estree': [ '7.2.0' ],
22 silly audit   'brace-expansion': [ '2.0.1', '1.1.11' ],
22 silly audit   minimatch: [ '9.0.3', '9.0.4', '3.1.2' ],
22 silly audit   '@typescript-eslint/visitor-keys': [ '7.2.0' ],
22 silly audit   '@ungap/structured-clone': [ '1.2.0' ],
22 silly audit   '@vercel/build-utils': [ '8.2.1' ],
22 silly audit   '@vercel/error-utils': [ '2.0.2' ],
22 silly audit   '@vercel/fun': [ '1.1.0' ],
22 silly audit   debug: [ '4.1.1', '4.3.4', '3.2.7', '2.6.9' ],
22 silly audit   'lru-cache': [ '6.0.0', '10.2.2' ],
22 silly audit   ms: [ '2.1.1', '2.0.0', '2.1.2' ],
22 silly audit   semver: [ '7.3.5', '6.3.1', '7.6.2' ],
22 silly audit   '@vercel/gatsby-plugin-vercel-analytics': [ '1.0.11' ],
22 silly audit   '@vercel/gatsby-plugin-vercel-builder': [ '2.0.32' ],
22 silly audit   'fs-extra': [ '11.1.0', '8.1.0' ],
22 silly audit   jsonfile: [ '6.1.0', '4.0.0' ],
22 silly audit   universalify: [ '2.0.1', '0.1.2' ],
22 silly audit   '@vercel/go': [ '3.1.1' ],
22 silly audit   '@vercel/hydrogen': [ '1.0.2' ],
22 silly audit   '@vercel/next': [ '4.2.14' ],
22 silly audit   '@vercel/nft': [ '0.27.0' ],
22 silly audit   glob: [ '7.2.3', '10.3.10' ],
22 silly audit   'resolve-from': [ '5.0.0', '4.0.0' ],
22 silly audit   '@vercel/node': [ '3.1.6' ],
22 silly audit   'async-listen': [ '3.0.0', '1.2.0', '3.0.1' ],
22 silly audit   'node-fetch': [ '2.6.9', '2.6.7' ],
22 silly audit   typescript: [ '4.9.5', '5.4.5' ],
22 silly audit   '@vercel/python': [ '4.3.0' ],
22 silly audit   '@vercel/redwood': [ '2.0.9' ],
22 silly audit   '@vercel/remix-builder': [ '2.1.6' ],
22 silly audit   '@vercel/routing-utils': [ '3.1.0' ],
22 silly audit   'path-to-regexp': [ '6.1.0', '1.8.0', '6.2.1' ],
22 silly audit   '@vercel/ruby': [ '2.1.0' ],
22 silly audit   '@vercel/static-build': [ '2.5.10' ],
22 silly audit   '@vercel/static-config': [ '3.0.0' ],
22 silly audit   ajv: [ '8.6.3', '6.12.6' ],
22 silly audit   'json-schema-traverse': [ '1.0.0', '0.4.1' ],
22 silly audit   abbrev: [ '1.1.1' ],
22 silly audit   acorn: [ '8.11.3' ],
22 silly audit   'acorn-import-attributes': [ '1.9.5' ],
22 silly audit   'acorn-jsx': [ '5.3.2' ],
22 silly audit   'acorn-walk': [ '8.3.2' ],
22 silly audit   'agent-base': [ '6.0.2' ],
22 silly audit   'ansi-styles': [ '4.3.0', '6.2.1' ],
22 silly audit   'any-promise': [ '1.3.0' ],
22 silly audit   anymatch: [ '3.1.3' ],
22 silly audit   aproba: [ '2.0.0' ],
22 silly audit   'are-we-there-yet': [ '2.0.0' ],
22 silly audit   arg: [ '5.0.2', '4.1.0', '4.1.3' ],
22 silly audit   argparse: [ '2.0.1' ],
22 silly audit   'aria-hidden': [ '1.2.4' ],
22 silly audit   'aria-query': [ '5.3.0' ],
22 silly audit   'array-buffer-byte-length': [ '1.0.1' ],
22 silly audit   'array-includes': [ '3.1.8' ],
22 silly audit   'array-union': [ '2.1.0' ],
22 silly audit   'array.prototype.findlast': [ '1.2.5' ],
22 silly audit   'array.prototype.findlastindex': [ '1.2.5' ],
22 silly audit   'array.prototype.flat': [ '1.3.2' ],
22 silly audit   'array.prototype.flatmap': [ '1.3.2' ],
22 silly audit   'array.prototype.toreversed': [ '1.1.2' ],
22 silly audit   'array.prototype.tosorted': [ '1.1.3' ],
22 silly audit   'arraybuffer.prototype.slice': [ '1.0.3' ],
22 silly audit   'ast-types-flow': [ '0.0.8' ],
22 silly audit   'async-sema': [ '3.1.1' ],
22 silly audit   'available-typed-arrays': [ '1.0.7' ],
22 silly audit   'axe-core': [ '4.7.0' ],
22 silly audit   'axobject-query': [ '3.2.1' ],
22 silly audit   'balanced-match': [ '1.0.2' ],
22 silly audit   'binary-extensions': [ '2.3.0' ],
22 silly audit   bindings: [ '1.5.0' ],
22 silly audit   braces: [ '3.0.3' ],
22 silly audit   'buffer-crc32': [ '0.2.13' ],
22 silly audit   busboy: [ '1.6.0' ],
22 silly audit   bytes: [ '3.1.0' ],
22 silly audit   'call-bind': [ '1.0.7' ],
22 silly audit   callsites: [ '3.1.0' ],
22 silly audit   'camelcase-css': [ '2.0.1' ],
22 silly audit   'caniuse-lite': [ '1.0.30001621' ],
22 silly audit   chalk: [ '4.1.2' ],
22 silly audit   chokidar: [ '3.6.0', '3.3.1' ],
22 silly audit   'glob-parent': [ '5.1.2', '6.0.2' ],
22 silly audit   'cjs-module-lexer': [ '1.2.3' ],
22 silly audit   classnames: [ '2.5.1' ],
22 silly audit   'client-only': [ '0.0.1' ],
22 silly audit   'code-block-writer': [ '10.1.1' ],
22 silly audit   'color-convert': [ '2.0.1' ],
22 silly audit   'color-name': [ '1.1.4' ],
22 silly audit   'color-support': [ '1.1.3' ],
22 silly audit   commander: [ '4.1.1' ],
22 silly audit   'concat-map': [ '0.0.1' ],
22 silly audit   'console-control-strings': [ '1.1.0' ],
22 silly audit   'content-type': [ '1.0.4' ],
22 silly audit   'convert-hrtime': [ '3.0.0' ],
22 silly audit   'create-require': [ '1.1.1' ],
22 silly audit   'cross-spawn': [ '7.0.3' ],
22 silly audit   cssesc: [ '3.0.0' ],
22 silly audit   csstype: [ '3.1.3' ],
22 silly audit   'damerau-levenshtein': [ '1.0.8' ],
22 silly audit   'data-view-buffer': [ '1.0.1' ],
22 silly audit   'data-view-byte-length': [ '1.0.1' ],
22 silly audit   'data-view-byte-offset': [ '1.0.0' ],
22 silly audit   debounce: [ '1.2.1' ],
22 silly audit   'deep-is': [ '0.1.4' ],
22 silly audit   'define-data-property': [ '1.1.4' ],
22 silly audit   'define-properties': [ '1.2.1' ],
22 silly audit   delegates: [ '1.0.0' ],
22 silly audit   depd: [ '1.1.2' ],
22 silly audit   dequal: [ '2.0.3' ],
22 silly audit   'detect-libc': [ '2.0.3' ],
22 silly audit   'detect-node-es': [ '1.1.0' ],
22 silly audit   didyoumean: [ '1.2.2' ],
22 silly audit   diff: [ '4.0.2' ],
22 silly audit   'dir-glob': [ '3.0.1' ],
22 silly audit   dlv: [ '1.1.3' ],
22 silly audit   doctrine: [ '3.0.0', '2.1.0' ],
22 silly audit   eastasianwidth: [ '0.2.0' ],
22 silly audit   'edge-runtime': [ '2.5.9' ],
22 silly audit   picocolors: [ '1.0.0', '1.0.1' ],
22 silly audit   'signal-exit': [ '4.0.2', '3.0.7', '4.1.0' ],
22 silly audit   'emoji-regex': [ '9.2.2', '8.0.0' ],
22 silly audit   'end-of-stream': [ '1.4.4', '1.1.0' ],
22 silly audit   'enhanced-resolve': [ '5.16.1' ],
22 silly audit   'es-abstract': [ '1.23.3' ],
22 silly audit   'es-define-property': [ '1.0.0' ],
22 silly audit   'es-errors': [ '1.3.0' ],
22 silly audit   'es-iterator-helpers': [ '1.0.19' ],
22 silly audit   'es-module-lexer': [ '1.4.1' ],
22 silly audit   'es-object-atoms': [ '1.0.0' ],
22 silly audit   'es-set-tostringtag': [ '2.0.3' ],
22 silly audit   'es-shim-unscopables': [ '1.0.2' ],
22 silly audit   'es-to-primitive': [ '1.2.1' ],
22 silly audit   esbuild: [ '0.14.47' ],
22 silly audit   'esbuild-android-64': [ '0.14.47' ],
22 silly audit   'esbuild-android-arm64': [ '0.14.47' ],
22 silly audit   'esbuild-darwin-64': [ '0.14.47' ],
22 silly audit   'esbuild-darwin-arm64': [ '0.14.47' ],
22 silly audit   'esbuild-freebsd-64': [ '0.14.47' ],
22 silly audit   'esbuild-freebsd-arm64': [ '0.14.47' ],
22 silly audit   'esbuild-linux-32': [ '0.14.47' ],
22 silly audit   'esbuild-linux-64': [ '0.14.47' ],
22 silly audit   'esbuild-linux-arm': [ '0.14.47' ],
22 silly audit   'esbuild-linux-arm64': [ '0.14.47' ],
22 silly audit   'esbuild-linux-mips64le': [ '0.14.47' ],
22 silly audit   'esbuild-linux-ppc64le': [ '0.14.47' ],
22 silly audit   'esbuild-linux-riscv64': [ '0.14.47' ],
22 silly audit   'esbuild-linux-s390x': [ '0.14.47' ],
22 silly audit   'esbuild-netbsd-64': [ '0.14.47' ],
22 silly audit   'esbuild-openbsd-64': [ '0.14.47' ],
22 silly audit   'esbuild-sunos-64': [ '0.14.47' ],
22 silly audit   'esbuild-windows-32': [ '0.14.47' ],
22 silly audit   'esbuild-windows-64': [ '0.14.47' ],
22 silly audit   'esbuild-windows-arm64': [ '0.14.47' ],
22 silly audit   'escape-string-regexp': [ '4.0.0' ],
22 silly audit   eslint: [ '8.57.0' ],
22 silly audit   'eslint-config-next': [ '14.2.3' ],
22 silly audit   'eslint-import-resolver-node': [ '0.3.9' ],
22 silly audit   'eslint-import-resolver-typescript': [ '3.6.1' ],
22 silly audit   'eslint-module-utils': [ '2.8.1' ],
22 silly audit   'eslint-plugin-import': [ '2.29.1' ],
22 silly audit   'eslint-plugin-jsx-a11y': [ '6.8.0' ],
22 silly audit   'eslint-plugin-react': [ '7.34.1' ],
22 silly audit   'eslint-plugin-react-hooks': [ '4.6.2' ],
22 silly audit   resolve: [ '2.0.0-next.5', '1.22.8' ],
22 silly audit   'eslint-scope': [ '7.2.2' ],
22 silly audit   'eslint-visitor-keys': [ '3.4.3' ],
22 silly audit   espree: [ '9.6.1' ],
22 silly audit   esquery: [ '1.5.0' ],
22 silly audit   esrecurse: [ '4.3.0' ],
22 silly audit   estraverse: [ '5.3.0' ],
22 silly audit   'estree-walker': [ '2.0.2' ],
22 silly audit   esutils: [ '2.0.3' ],
22 silly audit   etag: [ '1.8.1' ],
22 silly audit   'events-intercept': [ '2.0.0' ],
22 silly audit   execa: [ '3.2.0' ],
22 silly audit   'fast-deep-equal': [ '3.1.3' ],
22 silly audit   'fast-glob': [ '3.3.2' ],
22 silly audit   'fast-json-stable-stringify': [ '2.1.0' ],
22 silly audit   'fast-levenshtein': [ '2.0.6' ],
22 silly audit   fastq: [ '1.17.1' ],
22 silly audit   'fd-slicer': [ '1.1.0' ],
22 silly audit   'file-entry-cache': [ '6.0.1' ],
22 silly audit   'file-uri-to-path': [ '1.0.0' ],
22 silly audit   'fill-range': [ '7.1.1' ],
22 silly audit   'find-up': [ '5.0.0' ],
22 silly audit   'flat-cache': [ '3.2.0' ],
22 silly audit   flatted: [ '3.3.1' ],
22 silly audit   'for-each': [ '0.3.3' ],
22 silly audit   'foreground-child': [ '3.1.1' ],
22 silly audit   'framer-motion': [ '11.2.5' ],
22 silly audit   'fs.realpath': [ '1.0.0' ],
22 silly audit   fsevents: [ '2.3.3', '2.1.3' ],
22 silly audit   'function-bind': [ '1.1.2' ],
22 silly audit   'function.prototype.name': [ '1.1.6' ],
22 silly audit   'functions-have-names': [ '1.2.3' ],
22 silly audit   gauge: [ '3.0.2' ],
22 silly audit   'string-width': [ '4.2.3', '5.1.2' ],
22 silly audit   'generic-pool': [ '3.4.2' ],
22 silly audit   'get-intrinsic': [ '1.2.4' ],
22 silly audit   'get-nonce': [ '1.0.1' ],
22 silly audit   'get-stream': [ '5.2.0' ],
22 silly audit   'get-symbol-description': [ '1.0.2' ],
22 silly audit   'get-tsconfig': [ '4.7.5' ],
22 silly audit   globals: [ '13.24.0' ],
22 silly audit   globalthis: [ '1.0.4' ],
22 silly audit   globby: [ '11.1.0' ],
22 silly audit   goober: [ '2.1.14' ],
22 silly audit   gopd: [ '1.0.1' ],
22 silly audit   'graceful-fs': [ '4.2.11' ],
22 silly audit   graphemer: [ '1.4.0' ],
22 silly audit   'has-bigints': [ '1.0.2' ],
22 silly audit   'has-flag': [ '4.0.0' ],
22 silly audit   'has-property-descriptors': [ '1.0.2' ],
22 silly audit   'has-proto': [ '1.0.3' ],
22 silly audit   'has-symbols': [ '1.0.3' ],
22 silly audit   'has-tostringtag': [ '1.0.2' ],
22 silly audit   'has-unicode': [ '2.0.1' ],
22 silly audit   hasown: [ '2.0.2' ],
22 silly audit   'http-errors': [ '1.4.0', '1.7.3' ],
22 silly audit   inherits: [ '2.0.1', '2.0.4' ],
22 silly audit   'https-proxy-agent': [ '5.0.1' ],
22 silly audit   'human-signals': [ '1.1.1' ],
22 silly audit   'iconv-lite': [ '0.4.24' ],
22 silly audit   ignore: [ '5.3.1' ],
22 silly audit   'import-fresh': [ '3.3.0' ],
22 silly audit   imurmurhash: [ '0.1.4' ],
22 silly audit   inflight: [ '1.0.6' ],
22 silly audit   'internal-slot': [ '1.0.7' ],
22 silly audit   invariant: [ '2.2.4' ],
22 silly audit   'is-array-buffer': [ '3.0.4' ],
22 silly audit   'is-async-function': [ '2.0.0' ],
22 silly audit   'is-bigint': [ '1.0.4' ],
22 silly audit   'is-binary-path': [ '2.1.0' ],
22 silly audit   'is-boolean-object': [ '1.1.2' ],
22 silly audit   'is-callable': [ '1.2.7' ],
22 silly audit   'is-core-module': [ '2.13.1' ],
22 silly audit   'is-data-view': [ '1.0.1' ],
22 silly audit   'is-date-object': [ '1.0.5' ],
22 silly audit   'is-extglob': [ '2.1.1' ],
22 silly audit   'is-finalizationregistry': [ '1.0.2' ],
22 silly audit   'is-fullwidth-code-point': [ '3.0.0' ],
22 silly audit   'is-generator-function': [ '1.0.10' ],
22 silly audit   'is-glob': [ '4.0.3' ],
22 silly audit   'is-map': [ '2.0.3' ],
22 silly audit   'is-negative-zero': [ '2.0.3' ],
22 silly audit   'is-number': [ '7.0.0' ],
22 silly audit   'is-number-object': [ '1.0.7' ],
22 silly audit   'is-path-inside': [ '3.0.3' ],
22 silly audit   'is-regex': [ '1.1.4' ],
22 silly audit   'is-set': [ '2.0.3' ],
22 silly audit   'is-shared-array-buffer': [ '1.0.3' ],
22 silly audit   'is-stream': [ '2.0.1' ],
22 silly audit   'is-string': [ '1.0.7' ],
22 silly audit   'is-symbol': [ '1.0.4' ],
22 silly audit   'is-typed-array': [ '1.1.13' ],
22 silly audit   'is-weakmap': [ '2.0.2' ],
22 silly audit   'is-weakref': [ '1.0.2' ],
22 silly audit   'is-weakset': [ '2.0.3' ],
22 silly audit   isarray: [ '2.0.5', '0.0.1' ],
22 silly audit   isexe: [ '2.0.0' ],
22 silly audit   'iterator.prototype': [ '1.1.2' ],
22 silly audit   jackspeak: [ '2.3.6' ],
22 silly audit   jiti: [ '1.21.0' ],
22 silly audit   'js-tokens': [ '4.0.0' ],
22 silly audit   'js-yaml': [ '4.1.0' ],
22 silly audit   'json-buffer': [ '3.0.1' ],
22 silly audit   'json-schema-to-ts': [ '1.6.4' ],
22 silly audit   'json-stable-stringify-without-jsonify': [ '1.0.1' ],
22 silly audit   json5: [ '1.0.2' ],
22 silly audit   jsonp: [ '0.2.1' ],
22 silly audit   'jsx-ast-utils': [ '3.3.5' ],
22 silly audit   keyv: [ '4.5.4' ],
22 silly audit   'language-subtag-registry': [ '0.3.23' ],
22 silly audit   'language-tags': [ '1.0.9' ],
22 silly audit   levn: [ '0.4.1' ],
22 silly audit   lilconfig: [ '2.1.0', '3.1.1' ],
22 silly audit   'lines-and-columns': [ '1.2.4' ],
22 silly audit   'locate-path': [ '6.0.0' ],
22 silly audit   'lodash.castarray': [ '4.4.0' ],
22 silly audit   'lodash.isplainobject': [ '4.0.6' ],
22 silly audit   'lodash.merge': [ '4.6.2' ],
22 silly audit   'loose-envify': [ '1.4.0' ],
22 silly audit   'make-dir': [ '3.1.0' ],
22 silly audit   'make-error': [ '1.3.6' ],
22 silly audit   'merge-stream': [ '2.0.0' ],
22 silly audit   merge2: [ '1.4.1' ],
22 silly audit   micro: [ '9.3.5-canary.3' ],
22 silly audit   micromatch: [ '4.0.6' ],
22 silly audit   'mimic-fn': [ '2.1.0' ],
22 silly audit   minimist: [ '1.2.8' ],
22 silly audit   mri: [ '1.2.0' ],
22 silly audit   mz: [ '2.7.0' ],
22 silly audit   nanoid: [ '3.3.7' ],
22 silly audit   'natural-compare': [ '1.4.0' ],
22 silly audit   next: [ '14.2.3' ],
22 silly audit   postcss: [ '8.4.31', '8.4.38' ],
22 silly audit   'node-gyp-build': [ '4.8.1' ],
22 silly audit   nopt: [ '5.0.0' ],
22 silly audit   'normalize-path': [ '3.0.0' ],
22 silly audit   'npm-run-path': [ '4.0.1' ],
22 silly audit   npmlog: [ '5.0.1' ],
22 silly audit   'object-assign': [ '4.1.1' ],
22 silly audit   'object-hash': [ '3.0.0' ],
22 silly audit   'object-inspect': [ '1.13.1' ],
22 silly audit   'object-keys': [ '1.1.1' ],
22 silly audit   'object.assign': [ '4.1.5' ],
22 silly audit   'object.entries': [ '1.1.8' ],
22 silly audit   'object.fromentries': [ '2.0.8' ],
22 silly audit   'object.groupby': [ '1.0.3' ],
22 silly audit   'object.hasown': [ '1.1.4' ],
22 silly audit   'object.values': [ '1.2.0' ],
22 silly audit   once: [ '1.4.0', '1.3.3' ],
22 silly audit   onetime: [ '5.1.2' ],
22 silly audit   optionator: [ '0.9.4' ],
22 silly audit   'os-paths': [ '4.4.0' ],
22 silly audit   'p-finally': [ '2.0.1' ],
22 silly audit   'p-limit': [ '3.1.0' ],
22 silly audit   'p-locate': [ '5.0.0' ],
22 silly audit   'parent-module': [ '1.0.1' ],
22 silly audit   'parse-ms': [ '2.1.0' ],
22 silly audit   'path-browserify': [ '1.0.1' ],
22 silly audit   'path-exists': [ '4.0.0' ],
22 silly audit   'path-is-absolute': [ '1.0.1' ],
22 silly audit   'path-key': [ '3.1.1' ],
22 silly audit   'path-match': [ '1.2.4' ],
22 silly audit   'path-parse': [ '1.0.7' ],
22 silly audit   'path-scurry': [ '1.11.1' ],
22 silly audit   'path-type': [ '4.0.0' ],
22 silly audit   pend: [ '1.2.0' ],
22 silly audit   pify: [ '2.3.0' ],
22 silly audit   pirates: [ '4.0.6' ],
22 silly audit   'possible-typed-array-names': [ '1.0.0' ],
22 silly audit   'postcss-import': [ '15.1.0' ],
22 silly audit   'postcss-js': [ '4.0.1' ],
22 silly audit   'postcss-load-config': [ '4.0.2' ],
22 silly audit   'postcss-nested': [ '6.0.1' ],
22 silly audit   'postcss-value-parser': [ '4.2.0' ],
22 silly audit   'prelude-ls': [ '1.2.1' ],
22 silly audit   'pretty-ms': [ '7.0.1' ],
22 silly audit   promisepipe: [ '3.0.0' ],
22 silly audit   'prop-types': [ '15.8.1' ],
22 silly audit   pump: [ '3.0.0' ],
22 silly audit   punycode: [ '2.3.1' ],
22 silly audit   'queue-microtask': [ '1.2.3' ],
22 silly audit   'raw-body': [ '2.4.1' ],
22 silly audit   react: [ '18.3.1' ],
22 silly audit   'react-dom': [ '18.3.1' ],
22 silly audit   'react-hot-toast': [ '2.4.1' ],
22 silly audit   'react-icons': [ '5.2.1' ],
22 silly audit   'react-intersection-observer': [ '9.10.2' ],
22 silly audit   'react-is': [ '16.13.1' ],
22 silly audit   'react-remove-scroll': [ '2.5.5' ],
22 silly audit   'react-remove-scroll-bar': [ '2.3.6' ],
22 silly audit   'react-router': [ '6.23.1' ],
22 silly audit   'react-router-dom': [ '6.23.1' ],
22 silly audit   'react-share': [ '5.1.0' ],
22 silly audit   'react-style-singleton': [ '2.2.1' ],
22 silly audit   'react-use-measure': [ '2.1.1' ],
22 silly audit   'read-cache': [ '1.0.0' ],
22 silly audit   'readable-stream': [ '3.6.2' ],
22 silly audit   readdirp: [ '3.6.0', '3.3.0' ],
22 silly audit   'reflect.getprototypeof': [ '1.0.6' ],
22 silly audit   'regenerator-runtime': [ '0.14.1' ],
22 silly audit   'regexp.prototype.flags': [ '1.5.2' ],
22 silly audit   'require-from-string': [ '2.0.2' ],
22 silly audit   'resolve-pkg-maps': [ '1.0.0' ],
22 silly audit   reusify: [ '1.0.4' ],
22 silly audit   rimraf: [ '3.0.2' ],
22 silly audit   'run-parallel': [ '1.2.0' ],
22 silly audit   'safe-array-concat': [ '1.1.2' ],
22 silly audit   'safe-buffer': [ '5.2.1' ],
22 silly audit   'safe-regex-test': [ '1.0.3' ],
22 silly audit   'safer-buffer': [ '2.1.2' ],
22 silly audit   scheduler: [ '0.23.2' ],
22 silly audit   'set-blocking': [ '2.0.0' ],
22 silly audit   'set-function-length': [ '1.2.2' ],
22 silly audit   'set-function-name': [ '2.0.2' ],
22 silly audit   setprototypeof: [ '1.1.1' ],
22 silly audit   'shebang-command': [ '2.0.0' ],
22 silly audit   'shebang-regex': [ '3.0.0' ],
22 silly audit   'side-channel': [ '1.0.6' ],
22 silly audit   slash: [ '3.0.0' ],
22 silly audit   'source-map-js': [ '1.2.0' ],
22 silly audit   'stat-mode': [ '0.3.0' ],
22 silly audit   statuses: [ '1.5.0' ],
22 silly audit   'stream-to-array': [ '2.3.0' ],
22 silly audit   'stream-to-promise': [ '2.2.0' ],
22 silly audit   streamsearch: [ '1.1.0' ],
22 silly audit   string_decoder: [ '1.3.0' ],
22 silly audit   'string.prototype.matchall': [ '4.0.11' ],
22 silly audit   'string.prototype.trim': [ '1.2.9' ],
22 silly audit   'string.prototype.trimend': [ '1.0.8' ],
22 silly audit   'string.prototype.trimstart': [ '1.0.8' ],
22 silly audit   'strip-bom': [ '3.0.0' ],
22 silly audit   'strip-final-newline': [ '2.0.0' ],
22 silly audit   'strip-json-comments': [ '3.1.1' ],
22 silly audit   'styled-jsx': [ '5.1.1' ],
22 silly audit   sucrase: [ '3.35.0' ],
22 silly audit   'supports-color': [ '7.2.0' ],
22 silly audit   'supports-preserve-symlinks-flag': [ '1.0.0' ],
22 silly audit   'tailwind-merge': [ '2.3.0' ],
22 silly audit   tailwindcss: [ '3.4.3' ],
22 silly audit   tapable: [ '2.2.1' ],
22 silly audit   'text-table': [ '0.2.0' ],
22 silly audit   thenify: [ '3.3.1' ],
22 silly audit   'thenify-all': [ '1.6.0' ],
22 silly audit   'time-span': [ '4.0.0' ],
22 silly audit   'to-regex-range': [ '5.0.1' ],
22 silly audit   toidentifier: [ '1.0.0' ],
22 silly audit   tr46: [ '0.0.3' ],
22 silly audit   'tree-kill': [ '1.2.2' ],
22 silly audit   'ts-api-utils': [ '1.3.0' ],
22 silly audit   'ts-interface-checker': [ '0.1.13' ],
22 silly audit   'ts-morph': [ '12.0.0' ],
22 silly audit   'ts-node': [ '10.9.1' ],
22 silly audit   'ts-toolbelt': [ '6.15.5' ],
22 silly audit   'tsconfig-paths': [ '3.15.0' ],
22 silly audit   tslib: [ '2.6.2' ],
22 silly audit   'type-check': [ '0.4.0' ],
22 silly audit   'type-fest': [ '0.20.2' ],
22 silly audit   'typed-array-buffer': [ '1.0.2' ],
22 silly audit   'typed-array-byte-length': [ '1.0.1' ],
22 silly audit   'typed-array-byte-offset': [ '1.0.2' ],
22 silly audit   'typed-array-length': [ '1.0.6' ],
22 silly audit   'uid-promise': [ '1.0.0' ],
22 silly audit   'unbox-primitive': [ '1.0.2' ],
22 silly audit   undici: [ '5.26.5' ],
22 silly audit   'undici-types': [ '5.26.5' ],
22 silly audit   unpipe: [ '1.0.0' ],
22 silly audit   'uri-js': [ '4.4.1' ],
22 silly audit   'use-callback-ref': [ '1.3.2' ],
22 silly audit   'use-sidecar': [ '1.1.2' ],
22 silly audit   'util-deprecate': [ '1.0.2' ],
22 silly audit   uuid: [ '3.3.2' ],
22 silly audit   'v8-compile-cache-lib': [ '3.0.1' ],
22 silly audit   vercel: [ '34.2.4' ],
22 silly audit   'web-vitals': [ '0.2.4' ],
22 silly audit   'webidl-conversions': [ '3.0.1' ],
22 silly audit   'whatwg-url': [ '5.0.0' ],
22 silly audit   which: [ '2.0.2' ],
22 silly audit   'which-boxed-primitive': [ '1.0.2' ],
22 silly audit   'which-builtin-type': [ '1.1.3' ],
22 silly audit   'which-collection': [ '1.0.2' ],
22 silly audit   'which-typed-array': [ '1.1.15' ],
22 silly audit   'wide-align': [ '1.1.5' ],
22 silly audit   'word-wrap': [ '1.2.5' ],
22 silly audit   'wrap-ansi': [ '8.1.0', '7.0.0' ],
22 silly audit   wrappy: [ '1.0.2' ],
22 silly audit   'xdg-app-paths': [ '5.1.0' ],
22 silly audit   'xdg-portable': [ '7.3.0' ],
22 silly audit   yaml: [ '2.4.2' ],
22 silly audit   yauzl: [ '2.10.0' ],
22 silly audit   'yauzl-clone': [ '1.0.4' ],
22 silly audit   'yauzl-promise': [ '2.1.3' ],
22 silly audit   yn: [ '3.1.1' ],
22 silly audit   'yocto-queue': [ '0.1.0' ],
22 silly audit   'disqus-react': [ '1.1.5' ]
22 silly audit }
23 verbose reify failed optional dependency C:\Users\faruk\Documents\Fiverr\Orders\textartv2\node_modules\fsevents
24 silly reify mark deleted [
24 silly reify   'C:\\Users\\faruk\\Documents\\Fiverr\\Orders\\textartv2\\node_modules\\fsevents'
24 silly reify ]
25 verbose reify failed optional dependency C:\Users\faruk\Documents\Fiverr\Orders\textartv2\node_modules\esbuild-windows-arm64
26 silly reify mark deleted [
26 silly reify   'C:\\Users\\faruk\\Documents\\Fiverr\\Orders\\textartv2\\node_modules\\esbuild-windows-arm64'
26 silly reify ]
27 verbose reify failed optional dependency C:\Users\faruk\Documents\Fiverr\Orders\textartv2\node_modules\esbuild-windows-32
28 silly reify mark deleted [
28 silly reify   'C:\\Users\\faruk\\Documents\\Fiverr\\Orders\\textartv2\\node_modules\\esbuild-windows-32'
28 silly reify ]
29 verbose reify failed optional dependency C:\Users\faruk\Documents\Fiverr\Orders\textartv2\node_modules\esbuild-sunos-64
30 silly reify mark deleted [
30 silly reify   'C:\\Users\\faruk\\Documents\\Fiverr\\Orders\\textartv2\\node_modules\\esbuild-sunos-64'
30 silly reify ]
31 verbose reify failed optional dependency C:\Users\faruk\Documents\Fiverr\Orders\textartv2\node_modules\esbuild-openbsd-64
32 silly reify mark deleted [
32 silly reify   'C:\\Users\\faruk\\Documents\\Fiverr\\Orders\\textartv2\\node_modules\\esbuild-openbsd-64'
32 silly reify ]
33 verbose reify failed optional dependency C:\Users\faruk\Documents\Fiverr\Orders\textartv2\node_modules\esbuild-netbsd-64
34 silly reify mark deleted [
34 silly reify   'C:\\Users\\faruk\\Documents\\Fiverr\\Orders\\textartv2\\node_modules\\esbuild-netbsd-64'
34 silly reify ]
35 verbose reify failed optional dependency C:\Users\faruk\Documents\Fiverr\Orders\textartv2\node_modules\esbuild-linux-s390x
36 silly reify mark deleted [
36 silly reify   'C:\\Users\\faruk\\Documents\\Fiverr\\Orders\\textartv2\\node_modules\\esbuild-linux-s390x'
36 silly reify ]
37 verbose reify failed optional dependency C:\Users\faruk\Documents\Fiverr\Orders\textartv2\node_modules\esbuild-linux-riscv64
38 silly reify mark deleted [
38 silly reify   'C:\\Users\\faruk\\Documents\\Fiverr\\Orders\\textartv2\\node_modules\\esbuild-linux-riscv64'
38 silly reify ]
39 verbose reify failed optional dependency C:\Users\faruk\Documents\Fiverr\Orders\textartv2\node_modules\esbuild-linux-ppc64le
40 silly reify mark deleted [
40 silly reify   'C:\\Users\\faruk\\Documents\\Fiverr\\Orders\\textartv2\\node_modules\\esbuild-linux-ppc64le'
40 silly reify ]
41 verbose reify failed optional dependency C:\Users\faruk\Documents\Fiverr\Orders\textartv2\node_modules\esbuild-linux-mips64le
42 silly reify mark deleted [
42 silly reify   'C:\\Users\\faruk\\Documents\\Fiverr\\Orders\\textartv2\\node_modules\\esbuild-linux-mips64le'
42 silly reify ]
43 verbose reify failed optional dependency C:\Users\faruk\Documents\Fiverr\Orders\textartv2\node_modules\esbuild-linux-arm64
44 silly reify mark deleted [
44 silly reify   'C:\\Users\\faruk\\Documents\\Fiverr\\Orders\\textartv2\\node_modules\\esbuild-linux-arm64'
44 silly reify ]
45 verbose reify failed optional dependency C:\Users\faruk\Documents\Fiverr\Orders\textartv2\node_modules\esbuild-linux-arm
46 silly reify mark deleted [
46 silly reify   'C:\\Users\\faruk\\Documents\\Fiverr\\Orders\\textartv2\\node_modules\\esbuild-linux-arm'
46 silly reify ]
47 verbose reify failed optional dependency C:\Users\faruk\Documents\Fiverr\Orders\textartv2\node_modules\esbuild-linux-64
48 silly reify mark deleted [
48 silly reify   'C:\\Users\\faruk\\Documents\\Fiverr\\Orders\\textartv2\\node_modules\\esbuild-linux-64'
48 silly reify ]
49 verbose reify failed optional dependency C:\Users\faruk\Documents\Fiverr\Orders\textartv2\node_modules\esbuild-linux-32
50 silly reify mark deleted [
50 silly reify   'C:\\Users\\faruk\\Documents\\Fiverr\\Orders\\textartv2\\node_modules\\esbuild-linux-32'
50 silly reify ]
51 verbose reify failed optional dependency C:\Users\faruk\Documents\Fiverr\Orders\textartv2\node_modules\esbuild-freebsd-arm64
52 silly reify mark deleted [
52 silly reify   'C:\\Users\\faruk\\Documents\\Fiverr\\Orders\\textartv2\\node_modules\\esbuild-freebsd-arm64'
52 silly reify ]
53 verbose reify failed optional dependency C:\Users\faruk\Documents\Fiverr\Orders\textartv2\node_modules\esbuild-freebsd-64
54 silly reify mark deleted [
54 silly reify   'C:\\Users\\faruk\\Documents\\Fiverr\\Orders\\textartv2\\node_modules\\esbuild-freebsd-64'
54 silly reify ]
55 verbose reify failed optional dependency C:\Users\faruk\Documents\Fiverr\Orders\textartv2\node_modules\esbuild-darwin-arm64
56 silly reify mark deleted [
56 silly reify   'C:\\Users\\faruk\\Documents\\Fiverr\\Orders\\textartv2\\node_modules\\esbuild-darwin-arm64'
56 silly reify ]
57 verbose reify failed optional dependency C:\Users\faruk\Documents\Fiverr\Orders\textartv2\node_modules\esbuild-darwin-64
58 silly reify mark deleted [
58 silly reify   'C:\\Users\\faruk\\Documents\\Fiverr\\Orders\\textartv2\\node_modules\\esbuild-darwin-64'
58 silly reify ]
59 verbose reify failed optional dependency C:\Users\faruk\Documents\Fiverr\Orders\textartv2\node_modules\esbuild-android-arm64
60 silly reify mark deleted [
60 silly reify   'C:\\Users\\faruk\\Documents\\Fiverr\\Orders\\textartv2\\node_modules\\esbuild-android-arm64'
60 silly reify ]
61 verbose reify failed optional dependency C:\Users\faruk\Documents\Fiverr\Orders\textartv2\node_modules\esbuild-android-64
62 silly reify mark deleted [
62 silly reify   'C:\\Users\\faruk\\Documents\\Fiverr\\Orders\\textartv2\\node_modules\\esbuild-android-64'
62 silly reify ]
63 verbose reify failed optional dependency C:\Users\faruk\Documents\Fiverr\Orders\textartv2\node_modules\@next\swc-win32-ia32-msvc
64 silly reify mark deleted [
64 silly reify   'C:\\Users\\faruk\\Documents\\Fiverr\\Orders\\textartv2\\node_modules\\@next\\swc-win32-ia32-msvc'
64 silly reify ]
65 verbose reify failed optional dependency C:\Users\faruk\Documents\Fiverr\Orders\textartv2\node_modules\@next\swc-win32-arm64-msvc
66 silly reify mark deleted [
66 silly reify   'C:\\Users\\faruk\\Documents\\Fiverr\\Orders\\textartv2\\node_modules\\@next\\swc-win32-arm64-msvc'
66 silly reify ]
67 verbose reify failed optional dependency C:\Users\faruk\Documents\Fiverr\Orders\textartv2\node_modules\@next\swc-linux-x64-musl
68 silly reify mark deleted [
68 silly reify   'C:\\Users\\faruk\\Documents\\Fiverr\\Orders\\textartv2\\node_modules\\@next\\swc-linux-x64-musl'
68 silly reify ]
69 verbose reify failed optional dependency C:\Users\faruk\Documents\Fiverr\Orders\textartv2\node_modules\@next\swc-linux-x64-gnu
70 silly reify mark deleted [
70 silly reify   'C:\\Users\\faruk\\Documents\\Fiverr\\Orders\\textartv2\\node_modules\\@next\\swc-linux-x64-gnu'
70 silly reify ]
71 verbose reify failed optional dependency C:\Users\faruk\Documents\Fiverr\Orders\textartv2\node_modules\@next\swc-linux-arm64-musl
72 silly reify mark deleted [
72 silly reify   'C:\\Users\\faruk\\Documents\\Fiverr\\Orders\\textartv2\\node_modules\\@next\\swc-linux-arm64-musl'
72 silly reify ]
73 verbose reify failed optional dependency C:\Users\faruk\Documents\Fiverr\Orders\textartv2\node_modules\@next\swc-linux-arm64-gnu
74 silly reify mark deleted [
74 silly reify   'C:\\Users\\faruk\\Documents\\Fiverr\\Orders\\textartv2\\node_modules\\@next\\swc-linux-arm64-gnu'
74 silly reify ]
75 verbose reify failed optional dependency C:\Users\faruk\Documents\Fiverr\Orders\textartv2\node_modules\@next\swc-darwin-x64
76 silly reify mark deleted [
76 silly reify   'C:\\Users\\faruk\\Documents\\Fiverr\\Orders\\textartv2\\node_modules\\@next\\swc-darwin-x64'
76 silly reify ]
77 verbose reify failed optional dependency C:\Users\faruk\Documents\Fiverr\Orders\textartv2\node_modules\@next\swc-darwin-arm64
78 silly reify mark deleted [
78 silly reify   'C:\\Users\\faruk\\Documents\\Fiverr\\Orders\\textartv2\\node_modules\\@next\\swc-darwin-arm64'
78 silly reify ]
79 verbose reify failed optional dependency C:\Users\faruk\Documents\Fiverr\Orders\textartv2\node_modules\vercel\node_modules\fsevents
80 silly reify mark deleted [
80 silly reify   'C:\\Users\\faruk\\Documents\\Fiverr\\Orders\\textartv2\\node_modules\\vercel\\node_modules\\fsevents'
80 silly reify ]
81 silly tarball no local data for disqus-react@https://registry.npmjs.org/disqus-react/-/disqus-react-1.1.5.tgz. Extracting by manifest.
82 http fetch POST 200 https://registry.npmjs.org/-/npm/v1/security/advisories/bulk 306ms
83 silly audit report {
83 silly audit report   tar: [
83 silly audit report     {
83 silly audit report       id: 1096915,
83 silly audit report       url: 'https://github.com/advisories/GHSA-f5x3-32g6-xq36',
83 silly audit report       title: 'Denial of service while parsing a tar file due to lack of folders count validation',
83 silly audit report       severity: 'moderate',
83 silly audit report       vulnerable_versions: '<6.2.1',
83 silly audit report       cwe: [Array],
83 silly audit report       cvss: [Object]
83 silly audit report     }
83 silly audit report   ],
83 silly audit report   debug: [
83 silly audit report     {
83 silly audit report       id: 1096792,
83 silly audit report       url: 'https://github.com/advisories/GHSA-gxpj-cx7g-858c',
83 silly audit report       title: 'Regular Expression Denial of Service in debug',
83 silly audit report       severity: 'low',
83 silly audit report       vulnerable_versions: '>=4.0.0 <4.3.1',
83 silly audit report       cwe: [Array],
83 silly audit report       cvss: [Object]
83 silly audit report     }
83 silly audit report   ],
83 silly audit report   semver: [
83 silly audit report     {
83 silly audit report       id: 1096482,
83 silly audit report       url: 'https://github.com/advisories/GHSA-c2qf-rxjj-qqgw',
83 silly audit report       title: 'semver vulnerable to Regular Expression Denial of Service',
83 silly audit report       severity: 'moderate',
83 silly audit report       vulnerable_versions: '>=7.0.0 <7.5.2',
83 silly audit report       cwe: [Array],
83 silly audit report       cvss: [Object]
83 silly audit report     }
83 silly audit report   ],
83 silly audit report   undici: [
83 silly audit report     {
83 silly audit report       id: 1097109,
83 silly audit report       url: 'https://github.com/advisories/GHSA-m4v8-wqvr-p9f7',
83 silly audit report       title: "Undici's Proxy-Authorization header not cleared on cross-origin redirect for dispatch, request, stream, pipeline",
83 silly audit report       severity: 'low',
83 silly audit report       vulnerable_versions: '<5.28.4',
83 silly audit report       cwe: [Array],
83 silly audit report       cvss: [Object]
83 silly audit report     },
83 silly audit report     {
83 silly audit report       id: 1097200,
83 silly audit report       url: 'https://github.com/advisories/GHSA-9qxr-qj54-h672',
83 silly audit report       title: "Undici's fetch with integrity option is too lax when algorithm is specified but hash value is in incorrect",
83 silly audit report       severity: 'low',
83 silly audit report       vulnerable_versions: '<5.28.4',
83 silly audit report       cwe: [Array],
83 silly audit report       cvss: [Object]
83 silly audit report     },
83 silly audit report     {
83 silly audit report       id: 1097221,
83 silly audit report       url: 'https://github.com/advisories/GHSA-3787-6prv-h9w3',
83 silly audit report       title: 'Undici proxy-authorization header not cleared on cross-origin redirect in fetch',
83 silly audit report       severity: 'low',
83 silly audit report       vulnerable_versions: '<=5.28.2',
83 silly audit report       cwe: [Array],
83 silly audit report       cvss: [Object]
83 silly audit report     }
83 silly audit report   ]
83 silly audit report }
84 http fetch GET 200 https://registry.npmjs.org/disqus-react/-/disqus-react-1.1.5.tgz 375ms (cache miss)
85 http fetch GET 200 https://registry.npmjs.org/semver 589ms (cache miss)
86 http fetch GET 200 https://registry.npmjs.org/undici 593ms (cache miss)
87 http fetch GET 200 https://registry.npmjs.org/debug 664ms (cache miss)
88 http fetch GET 200 https://registry.npmjs.org/tar 672ms (cache miss)
89 http fetch GET 200 https://registry.npmjs.org/@vercel%2ffun 2144ms (cache miss)
90 http fetch GET 200 https://registry.npmjs.org/@vercel%2fnode 436ms (cache miss)
91 http fetch GET 200 https://registry.npmjs.org/vercel 484ms (cache miss)
92 silly ADD node_modules/disqus-react
93 silly ADD
94 silly ADD
95 silly ADD
96 silly ADD
97 silly ADD
98 silly ADD
99 silly ADD
100 silly ADD
101 silly ADD
102 silly ADD
103 silly ADD
104 silly ADD
105 silly ADD
106 silly ADD
107 silly ADD
108 silly ADD
109 silly ADD
110 silly ADD
111 silly ADD
112 silly ADD
113 silly ADD
114 silly ADD
115 silly ADD
116 silly ADD
117 silly ADD
118 silly ADD
119 silly ADD
120 silly ADD
121 silly ADD
122 verbose exit 0
123 info ok
