0 verbose cli C:\Program Files\nodejs\node.exe C:\Program Files\nodejs\node_modules\npm\bin\npm-cli.js
1 info using npm@10.7.0
2 info using node@v20.14.0
3 silly config:load:file:C:\Program Files\nodejs\node_modules\npm\npmrc
4 silly config:load:file:C:\Users\faruk\Documents\Fiverr\Orders\textartv2\.npmrc
5 silly config:load:file:C:\Users\faruk\.npmrc
6 silly config:load:file:C:\Users\faruk\Documents\Fiverr\Orders\textartv2\UsersmynameAppDataRoamingnpm\etc\npmrc
7 verbose title npm i sharp
8 verbose argv "i" "sharp"
9 verbose logfile logs-max:10 dir:C:\Users\faruk\Documents\Fiverr\Orders\textartv2\UsersmynameAppDataRoamingnpm-cache\_logs\2024-06-04T09_37_44_097Z-
10 verbose logfile C:\Users\faruk\Documents\Fiverr\Orders\textartv2\UsersmynameAppDataRoamingnpm-cache\_logs\2024-06-04T09_37_44_097Z-debug-0.log
11 silly logfile start cleaning logs, removing 1 files
12 silly logfile done cleaning log files
13 silly idealTree buildDeps
14 silly fetch manifest sharp@*
15 http fetch GET 200 https://registry.npmjs.org/sharp 1368ms (cache miss)
16 silly placeDep ROOT sharp@0.33.4 OK for: textartpro@0.1.0 want: *
17 silly fetch manifest color@^4.2.3
18 silly fetch manifest @img/sharp-darwin-arm64@0.33.4
19 silly fetch manifest @img/sharp-darwin-x64@0.33.4
20 silly fetch manifest @img/sharp-libvips-darwin-arm64@1.0.2
21 silly fetch manifest @img/sharp-libvips-darwin-x64@1.0.2
22 silly fetch manifest @img/sharp-libvips-linux-arm@1.0.2
23 silly fetch manifest @img/sharp-libvips-linux-arm64@1.0.2
24 http fetch GET 200 https://registry.npmjs.org/color 81ms (cache miss)
25 silly fetch manifest @img/sharp-libvips-linux-s390x@1.0.2
26 http fetch GET 200 https://registry.npmjs.org/@img%2fsharp-darwin-x64 262ms (cache miss)
27 silly fetch manifest @img/sharp-libvips-linux-x64@1.0.2
28 http fetch GET 200 https://registry.npmjs.org/@img%2fsharp-libvips-linux-x64 99ms (cache miss)
29 silly fetch manifest @img/sharp-libvips-linuxmusl-arm64@1.0.2
30 http fetch GET 200 https://registry.npmjs.org/@img%2fsharp-libvips-darwin-arm64 891ms (cache miss)
31 silly fetch manifest @img/sharp-libvips-linuxmusl-x64@1.0.2
32 http fetch GET 200 https://registry.npmjs.org/@img%2fsharp-libvips-linuxmusl-x64 101ms (cache miss)
33 silly fetch manifest @img/sharp-linux-arm@0.33.4
34 http fetch GET 200 https://registry.npmjs.org/@img%2fsharp-linux-arm 430ms (cache miss)
35 silly fetch manifest @img/sharp-linux-arm64@0.33.4
36 http fetch GET 200 https://registry.npmjs.org/@img%2fsharp-libvips-linux-arm64 1745ms (cache miss)
37 silly fetch manifest @img/sharp-linux-s390x@0.33.4
38 http fetch GET 200 https://registry.npmjs.org/@img%2fsharp-libvips-darwin-x64 1810ms (cache miss)
39 silly fetch manifest @img/sharp-linux-x64@0.33.4
40 http fetch GET 200 https://registry.npmjs.org/@img%2fsharp-libvips-linuxmusl-arm64 1664ms (cache miss)
41 silly fetch manifest @img/sharp-linuxmusl-arm64@0.33.4
42 http fetch GET 200 https://registry.npmjs.org/@img%2fsharp-linux-arm64 686ms (cache miss)
43 silly fetch manifest @img/sharp-linuxmusl-x64@0.33.4
44 http fetch GET 200 https://registry.npmjs.org/@img%2fsharp-linuxmusl-arm64 105ms (cache miss)
45 silly fetch manifest @img/sharp-wasm32@0.33.4
46 http fetch GET 200 https://registry.npmjs.org/@img%2fsharp-linux-s390x 425ms (cache miss)
47 silly fetch manifest @img/sharp-win32-ia32@0.33.4
48 http fetch GET 200 https://registry.npmjs.org/@img%2fsharp-linuxmusl-x64 113ms (cache miss)
49 silly fetch manifest @img/sharp-win32-x64@0.33.4
50 http fetch GET 200 https://registry.npmjs.org/@img%2fsharp-wasm32 99ms (cache miss)
51 http fetch GET 200 https://registry.npmjs.org/@img%2fsharp-libvips-linux-s390x 2195ms (cache miss)
52 http fetch GET 200 https://registry.npmjs.org/@img%2fsharp-libvips-linux-arm 2278ms (cache miss)
53 http fetch GET 200 https://registry.npmjs.org/@img%2fsharp-darwin-arm64 2281ms (cache miss)
54 http fetch GET 200 https://registry.npmjs.org/@img%2fsharp-win32-x64 94ms (cache miss)
55 http fetch GET 200 https://registry.npmjs.org/@img%2fsharp-win32-ia32 416ms (cache miss)
56 http fetch GET 200 https://registry.npmjs.org/@img%2fsharp-linux-x64 2036ms (cache miss)
57 silly placeDep ROOT @img/sharp-darwin-arm64@0.33.4 OK for: sharp@0.33.4 want: 0.33.4
58 silly placeDep ROOT @img/sharp-darwin-x64@0.33.4 OK for: sharp@0.33.4 want: 0.33.4
59 silly placeDep ROOT @img/sharp-libvips-darwin-arm64@1.0.2 OK for: sharp@0.33.4 want: 1.0.2
60 silly placeDep ROOT @img/sharp-libvips-darwin-x64@1.0.2 OK for: sharp@0.33.4 want: 1.0.2
61 silly placeDep ROOT @img/sharp-libvips-linux-arm@1.0.2 OK for: sharp@0.33.4 want: 1.0.2
62 silly placeDep ROOT @img/sharp-libvips-linux-arm64@1.0.2 OK for: sharp@0.33.4 want: 1.0.2
63 silly placeDep ROOT @img/sharp-libvips-linux-s390x@1.0.2 OK for: sharp@0.33.4 want: 1.0.2
64 silly placeDep ROOT @img/sharp-libvips-linux-x64@1.0.2 OK for: sharp@0.33.4 want: 1.0.2
65 silly placeDep ROOT @img/sharp-libvips-linuxmusl-arm64@1.0.2 OK for: sharp@0.33.4 want: 1.0.2
66 silly placeDep ROOT @img/sharp-libvips-linuxmusl-x64@1.0.2 OK for: sharp@0.33.4 want: 1.0.2
67 silly placeDep ROOT @img/sharp-linux-arm@0.33.4 OK for: sharp@0.33.4 want: 0.33.4
68 silly placeDep ROOT @img/sharp-linux-arm64@0.33.4 OK for: sharp@0.33.4 want: 0.33.4
69 silly placeDep ROOT @img/sharp-linux-s390x@0.33.4 OK for: sharp@0.33.4 want: 0.33.4
70 silly placeDep ROOT @img/sharp-linux-x64@0.33.4 OK for: sharp@0.33.4 want: 0.33.4
71 silly placeDep ROOT @img/sharp-linuxmusl-arm64@0.33.4 OK for: sharp@0.33.4 want: 0.33.4
72 silly placeDep ROOT @img/sharp-linuxmusl-x64@0.33.4 OK for: sharp@0.33.4 want: 0.33.4
73 silly placeDep ROOT @img/sharp-wasm32@0.33.4 OK for: sharp@0.33.4 want: 0.33.4
74 silly placeDep ROOT @img/sharp-win32-ia32@0.33.4 OK for: sharp@0.33.4 want: 0.33.4
75 silly placeDep ROOT @img/sharp-win32-x64@0.33.4 OK for: sharp@0.33.4 want: 0.33.4
76 silly placeDep ROOT color@4.2.3 OK for: sharp@0.33.4 want: ^4.2.3
77 silly fetch manifest @emnapi/runtime@^1.1.1
78 silly fetch manifest color-string@^1.9.0
79 http fetch GET 200 https://registry.npmjs.org/color-string 76ms (cache miss)
80 http fetch GET 200 https://registry.npmjs.org/@emnapi%2fruntime 1065ms (cache miss)
81 silly placeDep ROOT @emnapi/runtime@1.2.0 OK for: @img/sharp-wasm32@0.33.4 want: ^1.1.1
82 silly placeDep ROOT color-string@1.9.1 OK for: color@4.2.3 want: ^1.9.0
83 silly fetch manifest simple-swizzle@^0.2.2
84 http fetch GET 200 https://registry.npmjs.org/simple-swizzle 69ms (cache miss)
85 silly placeDep ROOT simple-swizzle@0.2.2 OK for: color-string@1.9.1 want: ^0.2.2
86 silly fetch manifest is-arrayish@^0.3.1
87 http fetch GET 200 https://registry.npmjs.org/is-arrayish 70ms (cache miss)
88 silly placeDep ROOT is-arrayish@0.3.2 OK for: simple-swizzle@0.2.2 want: ^0.3.1
89 silly reify moves {}
90 silly audit bulk request {
90 silly audit   '@alloc/quick-lru': [ '5.2.0' ],
90 silly audit   '@babel/runtime': [ '7.24.5' ],
90 silly audit   '@cspotcode/source-map-support': [ '0.8.1' ],
90 silly audit   '@jridgewell/trace-mapping': [ '0.3.9', '0.3.25' ],
90 silly audit   '@ctrl/react-adsense': [ '1.7.0' ],
90 silly audit   '@edge-runtime/format': [ '2.2.1' ],
90 silly audit   '@edge-runtime/node-utils': [ '2.3.0' ],
90 silly audit   '@edge-runtime/ponyfill': [ '2.4.2' ],
90 silly audit   '@edge-runtime/primitives': [ '4.1.0' ],
90 silly audit   '@edge-runtime/vm': [ '3.2.0' ],
90 silly audit   '@eslint-community/eslint-utils': [ '4.4.0' ],
90 silly audit   '@eslint-community/regexpp': [ '4.10.0' ],
90 silly audit   '@eslint/eslintrc': [ '2.1.4' ],
90 silly audit   '@eslint/js': [ '8.57.0' ],
90 silly audit   '@fastify/busboy': [ '2.1.1' ],
90 silly audit   '@humanwhocodes/config-array': [ '0.11.14' ],
90 silly audit   '@humanwhocodes/module-importer': [ '1.0.1' ],
90 silly audit   '@humanwhocodes/object-schema': [ '2.0.3' ],
90 silly audit   '@isaacs/cliui': [ '8.0.2' ],
90 silly audit   'ansi-regex': [ '6.0.1', '5.0.1' ],
90 silly audit   'strip-ansi': [ '7.1.0', '6.0.1' ],
90 silly audit   '@jridgewell/gen-mapping': [ '0.3.5' ],
90 silly audit   '@jridgewell/resolve-uri': [ '3.1.2' ],
90 silly audit   '@jridgewell/set-array': [ '1.2.1' ],
90 silly audit   '@jridgewell/sourcemap-codec': [ '1.4.15' ],
90 silly audit   '@mapbox/node-pre-gyp': [ '1.0.11' ],
90 silly audit   chownr: [ '2.0.0', '1.1.4' ],
90 silly audit   'fs-minipass': [ '2.1.0', '1.2.7' ],
90 silly audit   minipass: [ '3.3.6', '5.0.0', '2.9.0', '7.1.1' ],
90 silly audit   minizlib: [ '2.1.2', '1.3.3' ],
90 silly audit   mkdirp: [ '1.0.4', '0.5.6' ],
90 silly audit   tar: [ '6.2.1', '4.4.18' ],
90 silly audit   yallist: [ '4.0.0', '3.1.1' ],
90 silly audit   '@next/env': [ '14.2.3' ],
90 silly audit   '@next/eslint-plugin-next': [ '14.2.3' ],
90 silly audit   '@next/swc-darwin-arm64': [ '14.2.3' ],
90 silly audit   '@next/swc-darwin-x64': [ '14.2.3' ],
90 silly audit   '@next/swc-linux-arm64-gnu': [ '14.2.3' ],
90 silly audit   '@next/swc-linux-arm64-musl': [ '14.2.3' ],
90 silly audit   '@next/swc-linux-x64-gnu': [ '14.2.3' ],
90 silly audit   '@next/swc-linux-x64-musl': [ '14.2.3' ],
90 silly audit   '@next/swc-win32-arm64-msvc': [ '14.2.3' ],
90 silly audit   '@next/swc-win32-ia32-msvc': [ '14.2.3' ],
90 silly audit   '@next/swc-win32-x64-msvc': [ '14.2.3' ],
90 silly audit   '@nodelib/fs.scandir': [ '2.1.5' ],
90 silly audit   '@nodelib/fs.stat': [ '2.0.5' ],
90 silly audit   '@nodelib/fs.walk': [ '1.2.8' ],
90 silly audit   '@pkgjs/parseargs': [ '0.11.0' ],
90 silly audit   '@radix-ui/primitive': [ '1.0.1' ],
90 silly audit   '@radix-ui/react-compose-refs': [ '1.0.1' ],
90 silly audit   '@radix-ui/react-context': [ '1.0.1' ],
90 silly audit   '@radix-ui/react-dialog': [ '1.0.5' ],
90 silly audit   '@radix-ui/react-dismissable-layer': [ '1.0.5' ],
90 silly audit   '@radix-ui/react-focus-guards': [ '1.0.1' ],
90 silly audit   '@radix-ui/react-focus-scope': [ '1.0.4' ],
90 silly audit   '@radix-ui/react-id': [ '1.0.1' ],
90 silly audit   '@radix-ui/react-portal': [ '1.0.4' ],
90 silly audit   '@radix-ui/react-presence': [ '1.0.1' ],
90 silly audit   '@radix-ui/react-primitive': [ '1.0.3' ],
90 silly audit   '@radix-ui/react-slot': [ '1.0.2' ],
90 silly audit   '@radix-ui/react-use-callback-ref': [ '1.0.1' ],
90 silly audit   '@radix-ui/react-use-controllable-state': [ '1.0.1' ],
90 silly audit   '@radix-ui/react-use-escape-keydown': [ '1.0.3' ],
90 silly audit   '@radix-ui/react-use-layout-effect': [ '1.0.1' ],
90 silly audit   '@remix-run/router': [ '1.16.1' ],
90 silly audit   '@rollup/pluginutils': [ '4.2.1' ],
90 silly audit   picomatch: [ '2.3.1', '4.0.2' ],
90 silly audit   '@rushstack/eslint-patch': [ '1.10.3' ],
90 silly audit   '@sinclair/typebox': [ '0.25.24' ],
90 silly audit   '@swc/counter': [ '0.1.3' ],
90 silly audit   '@swc/helpers': [ '0.5.5' ],
90 silly audit   '@tailwindcss/typography': [ '0.5.13' ],
90 silly audit   'postcss-selector-parser': [ '6.0.10', '6.0.16' ],
90 silly audit   '@tootallnate/once': [ '2.0.0' ],
90 silly audit   '@ts-morph/common': [ '0.11.1' ],
90 silly audit   '@tsconfig/node10': [ '1.0.11' ],
90 silly audit   '@tsconfig/node12': [ '1.0.11' ],
90 silly audit   '@tsconfig/node14': [ '1.0.3' ],
90 silly audit   '@tsconfig/node16': [ '1.0.4' ],
90 silly audit   '@types/json-schema': [ '7.0.15' ],
90 silly audit   '@types/json5': [ '0.0.29' ],
90 silly audit   '@types/node': [ '20.12.12', '16.18.11' ],
90 silly audit   '@types/prop-types': [ '15.7.12' ],
90 silly audit   '@types/react': [ '18.3.2' ],
90 silly audit   '@types/react-dom': [ '18.3.0' ],
90 silly audit   '@typescript-eslint/parser': [ '7.2.0' ],
90 silly audit   '@typescript-eslint/scope-manager': [ '7.2.0' ],
90 silly audit   '@typescript-eslint/types': [ '7.2.0' ],
90 silly audit   '@typescript-eslint/typescript-estree': [ '7.2.0' ],
90 silly audit   'brace-expansion': [ '2.0.1', '1.1.11' ],
90 silly audit   minimatch: [ '9.0.3', '9.0.4', '3.1.2' ],
90 silly audit   '@typescript-eslint/visitor-keys': [ '7.2.0' ],
90 silly audit   '@ungap/structured-clone': [ '1.2.0' ],
90 silly audit   '@vercel/build-utils': [ '8.2.1' ],
90 silly audit   '@vercel/error-utils': [ '2.0.2' ],
90 silly audit   '@vercel/fun': [ '1.1.0' ],
90 silly audit   debug: [ '4.1.1', '4.3.4', '3.2.7', '2.6.9' ],
90 silly audit   'lru-cache': [ '6.0.0', '10.2.2' ],
90 silly audit   ms: [ '2.1.1', '2.0.0', '2.1.2' ],
90 silly audit   semver: [ '7.3.5', '6.3.1', '7.6.2' ],
90 silly audit   '@vercel/gatsby-plugin-vercel-analytics': [ '1.0.11' ],
90 silly audit   '@vercel/gatsby-plugin-vercel-builder': [ '2.0.32' ],
90 silly audit   'fs-extra': [ '11.1.0', '8.1.0' ],
90 silly audit   jsonfile: [ '6.1.0', '4.0.0' ],
90 silly audit   universalify: [ '2.0.1', '0.1.2' ],
90 silly audit   '@vercel/go': [ '3.1.1' ],
90 silly audit   '@vercel/hydrogen': [ '1.0.2' ],
90 silly audit   '@vercel/next': [ '4.2.14' ],
90 silly audit   '@vercel/nft': [ '0.27.0' ],
90 silly audit   glob: [ '7.2.3', '10.3.10' ],
90 silly audit   'resolve-from': [ '5.0.0', '4.0.0' ],
90 silly audit   '@vercel/node': [ '3.1.6' ],
90 silly audit   'async-listen': [ '3.0.0', '1.2.0', '3.0.1' ],
90 silly audit   'node-fetch': [ '2.6.9', '2.6.7' ],
90 silly audit   typescript: [ '4.9.5', '5.4.5' ],
90 silly audit   '@vercel/python': [ '4.3.0' ],
90 silly audit   '@vercel/redwood': [ '2.0.9' ],
90 silly audit   '@vercel/remix-builder': [ '2.1.6' ],
90 silly audit   '@vercel/routing-utils': [ '3.1.0' ],
90 silly audit   'path-to-regexp': [ '6.1.0', '1.8.0', '6.2.1' ],
90 silly audit   '@vercel/ruby': [ '2.1.0' ],
90 silly audit   '@vercel/static-build': [ '2.5.10' ],
90 silly audit   '@vercel/static-config': [ '3.0.0' ],
90 silly audit   ajv: [ '8.6.3', '6.12.6' ],
90 silly audit   'json-schema-traverse': [ '1.0.0', '0.4.1' ],
90 silly audit   abbrev: [ '1.1.1' ],
90 silly audit   acorn: [ '8.11.3' ],
90 silly audit   'acorn-import-attributes': [ '1.9.5' ],
90 silly audit   'acorn-jsx': [ '5.3.2' ],
90 silly audit   'acorn-walk': [ '8.3.2' ],
90 silly audit   'agent-base': [ '6.0.2' ],
90 silly audit   'ansi-styles': [ '4.3.0', '6.2.1' ],
90 silly audit   'any-promise': [ '1.3.0' ],
90 silly audit   anymatch: [ '3.1.3' ],
90 silly audit   aproba: [ '2.0.0' ],
90 silly audit   'are-we-there-yet': [ '2.0.0' ],
90 silly audit   arg: [ '5.0.2', '4.1.0', '4.1.3' ],
90 silly audit   argparse: [ '2.0.1' ],
90 silly audit   'aria-hidden': [ '1.2.4' ],
90 silly audit   'aria-query': [ '5.3.0' ],
90 silly audit   'array-buffer-byte-length': [ '1.0.1' ],
90 silly audit   'array-includes': [ '3.1.8' ],
90 silly audit   'array-union': [ '2.1.0' ],
90 silly audit   'array.prototype.findlast': [ '1.2.5' ],
90 silly audit   'array.prototype.findlastindex': [ '1.2.5' ],
90 silly audit   'array.prototype.flat': [ '1.3.2' ],
90 silly audit   'array.prototype.flatmap': [ '1.3.2' ],
90 silly audit   'array.prototype.toreversed': [ '1.1.2' ],
90 silly audit   'array.prototype.tosorted': [ '1.1.3' ],
90 silly audit   'arraybuffer.prototype.slice': [ '1.0.3' ],
90 silly audit   'ast-types-flow': [ '0.0.8' ],
90 silly audit   'async-sema': [ '3.1.1' ],
90 silly audit   'available-typed-arrays': [ '1.0.7' ],
90 silly audit   'axe-core': [ '4.7.0' ],
90 silly audit   'axobject-query': [ '3.2.1' ],
90 silly audit   'balanced-match': [ '1.0.2' ],
90 silly audit   'binary-extensions': [ '2.3.0' ],
90 silly audit   bindings: [ '1.5.0' ],
90 silly audit   braces: [ '3.0.3' ],
90 silly audit   'buffer-crc32': [ '0.2.13' ],
90 silly audit   busboy: [ '1.6.0' ],
90 silly audit   bytes: [ '3.1.0' ],
90 silly audit   'call-bind': [ '1.0.7' ],
90 silly audit   callsites: [ '3.1.0' ],
90 silly audit   'camelcase-css': [ '2.0.1' ],
90 silly audit   'caniuse-lite': [ '1.0.30001621' ],
90 silly audit   chalk: [ '4.1.2' ],
90 silly audit   chokidar: [ '3.6.0', '3.3.1' ],
90 silly audit   'glob-parent': [ '5.1.2', '6.0.2' ],
90 silly audit   'cjs-module-lexer': [ '1.2.3' ],
90 silly audit   classnames: [ '2.5.1' ],
90 silly audit   'client-only': [ '0.0.1' ],
90 silly audit   'code-block-writer': [ '10.1.1' ],
90 silly audit   'color-convert': [ '2.0.1' ],
90 silly audit   'color-name': [ '1.1.4' ],
90 silly audit   'color-support': [ '1.1.3' ],
90 silly audit   commander: [ '4.1.1' ],
90 silly audit   'concat-map': [ '0.0.1' ],
90 silly audit   'console-control-strings': [ '1.1.0' ],
90 silly audit   'content-type': [ '1.0.4' ],
90 silly audit   'convert-hrtime': [ '3.0.0' ],
90 silly audit   'create-require': [ '1.1.1' ],
90 silly audit   'cross-spawn': [ '7.0.3' ],
90 silly audit   cssesc: [ '3.0.0' ],
90 silly audit   csstype: [ '3.1.3' ],
90 silly audit   'damerau-levenshtein': [ '1.0.8' ],
90 silly audit   'data-view-buffer': [ '1.0.1' ],
90 silly audit   'data-view-byte-length': [ '1.0.1' ],
90 silly audit   'data-view-byte-offset': [ '1.0.0' ],
90 silly audit   debounce: [ '1.2.1' ],
90 silly audit   'deep-is': [ '0.1.4' ],
90 silly audit   'define-data-property': [ '1.1.4' ],
90 silly audit   'define-properties': [ '1.2.1' ],
90 silly audit   delegates: [ '1.0.0' ],
90 silly audit   depd: [ '1.1.2' ],
90 silly audit   dequal: [ '2.0.3' ],
90 silly audit   'detect-libc': [ '2.0.3' ],
90 silly audit   'detect-node-es': [ '1.1.0' ],
90 silly audit   didyoumean: [ '1.2.2' ],
90 silly audit   diff: [ '4.0.2' ],
90 silly audit   'dir-glob': [ '3.0.1' ],
90 silly audit   'disqus-react': [ '1.1.5' ],
90 silly audit   dlv: [ '1.1.3' ],
90 silly audit   doctrine: [ '3.0.0', '2.1.0' ],
90 silly audit   eastasianwidth: [ '0.2.0' ],
90 silly audit   'edge-runtime': [ '2.5.9' ],
90 silly audit   picocolors: [ '1.0.0', '1.0.1' ],
90 silly audit   'signal-exit': [ '4.0.2', '3.0.7', '4.1.0' ],
90 silly audit   'emoji-regex': [ '9.2.2', '8.0.0' ],
90 silly audit   'end-of-stream': [ '1.4.4', '1.1.0' ],
90 silly audit   'enhanced-resolve': [ '5.16.1' ],
90 silly audit   'es-abstract': [ '1.23.3' ],
90 silly audit   'es-define-property': [ '1.0.0' ],
90 silly audit   'es-errors': [ '1.3.0' ],
90 silly audit   'es-iterator-helpers': [ '1.0.19' ],
90 silly audit   'es-module-lexer': [ '1.4.1' ],
90 silly audit   'es-object-atoms': [ '1.0.0' ],
90 silly audit   'es-set-tostringtag': [ '2.0.3' ],
90 silly audit   'es-shim-unscopables': [ '1.0.2' ],
90 silly audit   'es-to-primitive': [ '1.2.1' ],
90 silly audit   esbuild: [ '0.14.47' ],
90 silly audit   'esbuild-android-64': [ '0.14.47' ],
90 silly audit   'esbuild-android-arm64': [ '0.14.47' ],
90 silly audit   'esbuild-darwin-64': [ '0.14.47' ],
90 silly audit   'esbuild-darwin-arm64': [ '0.14.47' ],
90 silly audit   'esbuild-freebsd-64': [ '0.14.47' ],
90 silly audit   'esbuild-freebsd-arm64': [ '0.14.47' ],
90 silly audit   'esbuild-linux-32': [ '0.14.47' ],
90 silly audit   'esbuild-linux-64': [ '0.14.47' ],
90 silly audit   'esbuild-linux-arm': [ '0.14.47' ],
90 silly audit   'esbuild-linux-arm64': [ '0.14.47' ],
90 silly audit   'esbuild-linux-mips64le': [ '0.14.47' ],
90 silly audit   'esbuild-linux-ppc64le': [ '0.14.47' ],
90 silly audit   'esbuild-linux-riscv64': [ '0.14.47' ],
90 silly audit   'esbuild-linux-s390x': [ '0.14.47' ],
90 silly audit   'esbuild-netbsd-64': [ '0.14.47' ],
90 silly audit   'esbuild-openbsd-64': [ '0.14.47' ],
90 silly audit   'esbuild-sunos-64': [ '0.14.47' ],
90 silly audit   'esbuild-windows-32': [ '0.14.47' ],
90 silly audit   'esbuild-windows-64': [ '0.14.47' ],
90 silly audit   'esbuild-windows-arm64': [ '0.14.47' ],
90 silly audit   'escape-string-regexp': [ '4.0.0' ],
90 silly audit   eslint: [ '8.57.0' ],
90 silly audit   'eslint-config-next': [ '14.2.3' ],
90 silly audit   'eslint-import-resolver-node': [ '0.3.9' ],
90 silly audit   'eslint-import-resolver-typescript': [ '3.6.1' ],
90 silly audit   'eslint-module-utils': [ '2.8.1' ],
90 silly audit   'eslint-plugin-import': [ '2.29.1' ],
90 silly audit   'eslint-plugin-jsx-a11y': [ '6.8.0' ],
90 silly audit   'eslint-plugin-react': [ '7.34.1' ],
90 silly audit   'eslint-plugin-react-hooks': [ '4.6.2' ],
90 silly audit   resolve: [ '2.0.0-next.5', '1.22.8' ],
90 silly audit   'eslint-scope': [ '7.2.2' ],
90 silly audit   'eslint-visitor-keys': [ '3.4.3' ],
90 silly audit   espree: [ '9.6.1' ],
90 silly audit   esquery: [ '1.5.0' ],
90 silly audit   esrecurse: [ '4.3.0' ],
90 silly audit   estraverse: [ '5.3.0' ],
90 silly audit   'estree-walker': [ '2.0.2' ],
90 silly audit   esutils: [ '2.0.3' ],
90 silly audit   etag: [ '1.8.1' ],
90 silly audit   'events-intercept': [ '2.0.0' ],
90 silly audit   execa: [ '3.2.0' ],
90 silly audit   'fast-deep-equal': [ '3.1.3' ],
90 silly audit   'fast-glob': [ '3.3.2' ],
90 silly audit   'fast-json-stable-stringify': [ '2.1.0' ],
90 silly audit   'fast-levenshtein': [ '2.0.6' ],
90 silly audit   fastq: [ '1.17.1' ],
90 silly audit   'fd-slicer': [ '1.1.0' ],
90 silly audit   'file-entry-cache': [ '6.0.1' ],
90 silly audit   'file-uri-to-path': [ '1.0.0' ],
90 silly audit   'fill-range': [ '7.1.1' ],
90 silly audit   'find-up': [ '5.0.0' ],
90 silly audit   'flat-cache': [ '3.2.0' ],
90 silly audit   flatted: [ '3.3.1' ],
90 silly audit   'for-each': [ '0.3.3' ],
90 silly audit   'foreground-child': [ '3.1.1' ],
90 silly audit   'framer-motion': [ '11.2.5' ],
90 silly audit   'fs.realpath': [ '1.0.0' ],
90 silly audit   fsevents: [ '2.3.3', '2.1.3' ],
90 silly audit   'function-bind': [ '1.1.2' ],
90 silly audit   'function.prototype.name': [ '1.1.6' ],
90 silly audit   'functions-have-names': [ '1.2.3' ],
90 silly audit   gauge: [ '3.0.2' ],
90 silly audit   'string-width': [ '4.2.3', '5.1.2' ],
90 silly audit   'generic-pool': [ '3.4.2' ],
90 silly audit   'get-intrinsic': [ '1.2.4' ],
90 silly audit   'get-nonce': [ '1.0.1' ],
90 silly audit   'get-stream': [ '5.2.0' ],
90 silly audit   'get-symbol-description': [ '1.0.2' ],
90 silly audit   'get-tsconfig': [ '4.7.5' ],
90 silly audit   globals: [ '13.24.0' ],
90 silly audit   globalthis: [ '1.0.4' ],
90 silly audit   globby: [ '11.1.0' ],
90 silly audit   goober: [ '2.1.14' ],
90 silly audit   gopd: [ '1.0.1' ],
90 silly audit   'graceful-fs': [ '4.2.11' ],
90 silly audit   graphemer: [ '1.4.0' ],
90 silly audit   'has-bigints': [ '1.0.2' ],
90 silly audit   'has-flag': [ '4.0.0' ],
90 silly audit   'has-property-descriptors': [ '1.0.2' ],
90 silly audit   'has-proto': [ '1.0.3' ],
90 silly audit   'has-symbols': [ '1.0.3' ],
90 silly audit   'has-tostringtag': [ '1.0.2' ],
90 silly audit   'has-unicode': [ '2.0.1' ],
90 silly audit   hasown: [ '2.0.2' ],
90 silly audit   'http-errors': [ '1.4.0', '1.7.3' ],
90 silly audit   inherits: [ '2.0.1', '2.0.4' ],
90 silly audit   'https-proxy-agent': [ '5.0.1' ],
90 silly audit   'human-signals': [ '1.1.1' ],
90 silly audit   'iconv-lite': [ '0.4.24' ],
90 silly audit   ignore: [ '5.3.1' ],
90 silly audit   'import-fresh': [ '3.3.0' ],
90 silly audit   imurmurhash: [ '0.1.4' ],
90 silly audit   inflight: [ '1.0.6' ],
90 silly audit   'internal-slot': [ '1.0.7' ],
90 silly audit   invariant: [ '2.2.4' ],
90 silly audit   'is-array-buffer': [ '3.0.4' ],
90 silly audit   'is-async-function': [ '2.0.0' ],
90 silly audit   'is-bigint': [ '1.0.4' ],
90 silly audit   'is-binary-path': [ '2.1.0' ],
90 silly audit   'is-boolean-object': [ '1.1.2' ],
90 silly audit   'is-callable': [ '1.2.7' ],
90 silly audit   'is-core-module': [ '2.13.1' ],
90 silly audit   'is-data-view': [ '1.0.1' ],
90 silly audit   'is-date-object': [ '1.0.5' ],
90 silly audit   'is-extglob': [ '2.1.1' ],
90 silly audit   'is-finalizationregistry': [ '1.0.2' ],
90 silly audit   'is-fullwidth-code-point': [ '3.0.0' ],
90 silly audit   'is-generator-function': [ '1.0.10' ],
90 silly audit   'is-glob': [ '4.0.3' ],
90 silly audit   'is-map': [ '2.0.3' ],
90 silly audit   'is-negative-zero': [ '2.0.3' ],
90 silly audit   'is-number': [ '7.0.0' ],
90 silly audit   'is-number-object': [ '1.0.7' ],
90 silly audit   'is-path-inside': [ '3.0.3' ],
90 silly audit   'is-regex': [ '1.1.4' ],
90 silly audit   'is-set': [ '2.0.3' ],
90 silly audit   'is-shared-array-buffer': [ '1.0.3' ],
90 silly audit   'is-stream': [ '2.0.1' ],
90 silly audit   'is-string': [ '1.0.7' ],
90 silly audit   'is-symbol': [ '1.0.4' ],
90 silly audit   'is-typed-array': [ '1.1.13' ],
90 silly audit   'is-weakmap': [ '2.0.2' ],
90 silly audit   'is-weakref': [ '1.0.2' ],
90 silly audit   'is-weakset': [ '2.0.3' ],
90 silly audit   isarray: [ '2.0.5', '0.0.1' ],
90 silly audit   isexe: [ '2.0.0' ],
90 silly audit   'iterator.prototype': [ '1.1.2' ],
90 silly audit   jackspeak: [ '2.3.6' ],
90 silly audit   jiti: [ '1.21.0' ],
90 silly audit   'js-tokens': [ '4.0.0' ],
90 silly audit   'js-yaml': [ '4.1.0' ],
90 silly audit   'json-buffer': [ '3.0.1' ],
90 silly audit   'json-schema-to-ts': [ '1.6.4' ],
90 silly audit   'json-stable-stringify-without-jsonify': [ '1.0.1' ],
90 silly audit   json5: [ '1.0.2' ],
90 silly audit   jsonp: [ '0.2.1' ],
90 silly audit   'jsx-ast-utils': [ '3.3.5' ],
90 silly audit   keyv: [ '4.5.4' ],
90 silly audit   'language-subtag-registry': [ '0.3.23' ],
90 silly audit   'language-tags': [ '1.0.9' ],
90 silly audit   levn: [ '0.4.1' ],
90 silly audit   lilconfig: [ '2.1.0', '3.1.1' ],
90 silly audit   'lines-and-columns': [ '1.2.4' ],
90 silly audit   'locate-path': [ '6.0.0' ],
90 silly audit   'lodash.castarray': [ '4.4.0' ],
90 silly audit   'lodash.isplainobject': [ '4.0.6' ],
90 silly audit   'lodash.merge': [ '4.6.2' ],
90 silly audit   'loose-envify': [ '1.4.0' ],
90 silly audit   'make-dir': [ '3.1.0' ],
90 silly audit   'make-error': [ '1.3.6' ],
90 silly audit   'merge-stream': [ '2.0.0' ],
90 silly audit   merge2: [ '1.4.1' ],
90 silly audit   micro: [ '9.3.5-canary.3' ],
90 silly audit   micromatch: [ '4.0.6' ],
90 silly audit   'mimic-fn': [ '2.1.0' ],
90 silly audit   minimist: [ '1.2.8' ],
90 silly audit   mri: [ '1.2.0' ],
90 silly audit   mz: [ '2.7.0' ],
90 silly audit   nanoid: [ '3.3.7' ],
90 silly audit   'natural-compare': [ '1.4.0' ],
90 silly audit   next: [ '14.2.3' ],
90 silly audit   postcss: [ '8.4.31', '8.4.38' ],
90 silly audit   'node-gyp-build': [ '4.8.1' ],
90 silly audit   nopt: [ '5.0.0' ],
90 silly audit   'normalize-path': [ '3.0.0' ],
90 silly audit   'npm-run-path': [ '4.0.1' ],
90 silly audit   npmlog: [ '5.0.1' ],
90 silly audit   'object-assign': [ '4.1.1' ],
90 silly audit   'object-hash': [ '3.0.0' ],
90 silly audit   'object-inspect': [ '1.13.1' ],
90 silly audit   'object-keys': [ '1.1.1' ],
90 silly audit   'object.assign': [ '4.1.5' ],
90 silly audit   'object.entries': [ '1.1.8' ],
90 silly audit   'object.fromentries': [ '2.0.8' ],
90 silly audit   'object.groupby': [ '1.0.3' ],
90 silly audit   'object.hasown': [ '1.1.4' ],
90 silly audit   'object.values': [ '1.2.0' ],
90 silly audit   once: [ '1.4.0', '1.3.3' ],
90 silly audit   onetime: [ '5.1.2' ],
90 silly audit   optionator: [ '0.9.4' ],
90 silly audit   'os-paths': [ '4.4.0' ],
90 silly audit   'p-finally': [ '2.0.1' ],
90 silly audit   'p-limit': [ '3.1.0' ],
90 silly audit   'p-locate': [ '5.0.0' ],
90 silly audit   'parent-module': [ '1.0.1' ],
90 silly audit   'parse-ms': [ '2.1.0' ],
90 silly audit   'path-browserify': [ '1.0.1' ],
90 silly audit   'path-exists': [ '4.0.0' ],
90 silly audit   'path-is-absolute': [ '1.0.1' ],
90 silly audit   'path-key': [ '3.1.1' ],
90 silly audit   'path-match': [ '1.2.4' ],
90 silly audit   'path-parse': [ '1.0.7' ],
90 silly audit   'path-scurry': [ '1.11.1' ],
90 silly audit   'path-type': [ '4.0.0' ],
90 silly audit   pend: [ '1.2.0' ],
90 silly audit   pify: [ '2.3.0' ],
90 silly audit   pirates: [ '4.0.6' ],
90 silly audit   'possible-typed-array-names': [ '1.0.0' ],
90 silly audit   'postcss-import': [ '15.1.0' ],
90 silly audit   'postcss-js': [ '4.0.1' ],
90 silly audit   'postcss-load-config': [ '4.0.2' ],
90 silly audit   'postcss-nested': [ '6.0.1' ],
90 silly audit   'postcss-value-parser': [ '4.2.0' ],
90 silly audit   'prelude-ls': [ '1.2.1' ],
90 silly audit   'pretty-ms': [ '7.0.1' ],
90 silly audit   promisepipe: [ '3.0.0' ],
90 silly audit   'prop-types': [ '15.8.1' ],
90 silly audit   pump: [ '3.0.0' ],
90 silly audit   punycode: [ '2.3.1' ],
90 silly audit   'queue-microtask': [ '1.2.3' ],
90 silly audit   'raw-body': [ '2.4.1' ],
90 silly audit   react: [ '18.3.1' ],
90 silly audit   'react-dom': [ '18.3.1' ],
90 silly audit   'react-hot-toast': [ '2.4.1' ],
90 silly audit   'react-icons': [ '5.2.1' ],
90 silly audit   'react-intersection-observer': [ '9.10.2' ],
90 silly audit   'react-is': [ '16.13.1' ],
90 silly audit   'react-remove-scroll': [ '2.5.5' ],
90 silly audit   'react-remove-scroll-bar': [ '2.3.6' ],
90 silly audit   'react-router': [ '6.23.1' ],
90 silly audit   'react-router-dom': [ '6.23.1' ],
90 silly audit   'react-share': [ '5.1.0' ],
90 silly audit   'react-style-singleton': [ '2.2.1' ],
90 silly audit   'react-use-measure': [ '2.1.1' ],
90 silly audit   'read-cache': [ '1.0.0' ],
90 silly audit   'readable-stream': [ '3.6.2' ],
90 silly audit   readdirp: [ '3.6.0', '3.3.0' ],
90 silly audit   'reflect.getprototypeof': [ '1.0.6' ],
90 silly audit   'regenerator-runtime': [ '0.14.1' ],
90 silly audit   'regexp.prototype.flags': [ '1.5.2' ],
90 silly audit   'require-from-string': [ '2.0.2' ],
90 silly audit   'resolve-pkg-maps': [ '1.0.0' ],
90 silly audit   reusify: [ '1.0.4' ],
90 silly audit   rimraf: [ '3.0.2' ],
90 silly audit   'run-parallel': [ '1.2.0' ],
90 silly audit   'safe-array-concat': [ '1.1.2' ],
90 silly audit   'safe-buffer': [ '5.2.1' ],
90 silly audit   'safe-regex-test': [ '1.0.3' ],
90 silly audit   'safer-buffer': [ '2.1.2' ],
90 silly audit   scheduler: [ '0.23.2' ],
90 silly audit   'set-blocking': [ '2.0.0' ],
90 silly audit   'set-function-length': [ '1.2.2' ],
90 silly audit   'set-function-name': [ '2.0.2' ],
90 silly audit   setprototypeof: [ '1.1.1' ],
90 silly audit   'shebang-command': [ '2.0.0' ],
90 silly audit   'shebang-regex': [ '3.0.0' ],
90 silly audit   'side-channel': [ '1.0.6' ],
90 silly audit   slash: [ '3.0.0' ],
90 silly audit   'source-map-js': [ '1.2.0' ],
90 silly audit   'stat-mode': [ '0.3.0' ],
90 silly audit   statuses: [ '1.5.0' ],
90 silly audit   'stream-to-array': [ '2.3.0' ],
90 silly audit   'stream-to-promise': [ '2.2.0' ],
90 silly audit   streamsearch: [ '1.1.0' ],
90 silly audit   string_decoder: [ '1.3.0' ],
90 silly audit   'string.prototype.matchall': [ '4.0.11' ],
90 silly audit   'string.prototype.trim': [ '1.2.9' ],
90 silly audit   'string.prototype.trimend': [ '1.0.8' ],
90 silly audit   'string.prototype.trimstart': [ '1.0.8' ],
90 silly audit   'strip-bom': [ '3.0.0' ],
90 silly audit   'strip-final-newline': [ '2.0.0' ],
90 silly audit   'strip-json-comments': [ '3.1.1' ],
90 silly audit   'styled-jsx': [ '5.1.1' ],
90 silly audit   sucrase: [ '3.35.0' ],
90 silly audit   'supports-color': [ '7.2.0' ],
90 silly audit   'supports-preserve-symlinks-flag': [ '1.0.0' ],
90 silly audit   'tailwind-merge': [ '2.3.0' ],
90 silly audit   tailwindcss: [ '3.4.3' ],
90 silly audit   tapable: [ '2.2.1' ],
90 silly audit   'text-table': [ '0.2.0' ],
90 silly audit   thenify: [ '3.3.1' ],
90 silly audit   'thenify-all': [ '1.6.0' ],
90 silly audit   'time-span': [ '4.0.0' ],
90 silly audit   'to-regex-range': [ '5.0.1' ],
90 silly audit   toidentifier: [ '1.0.0' ],
90 silly audit   tr46: [ '0.0.3' ],
90 silly audit   'tree-kill': [ '1.2.2' ],
90 silly audit   'ts-api-utils': [ '1.3.0' ],
90 silly audit   'ts-interface-checker': [ '0.1.13' ],
90 silly audit   'ts-morph': [ '12.0.0' ],
90 silly audit   'ts-node': [ '10.9.1' ],
90 silly audit   'ts-toolbelt': [ '6.15.5' ],
90 silly audit   'tsconfig-paths': [ '3.15.0' ],
90 silly audit   tslib: [ '2.6.2' ],
90 silly audit   'type-check': [ '0.4.0' ],
90 silly audit   'type-fest': [ '0.20.2' ],
90 silly audit   'typed-array-buffer': [ '1.0.2' ],
90 silly audit   'typed-array-byte-length': [ '1.0.1' ],
90 silly audit   'typed-array-byte-offset': [ '1.0.2' ],
90 silly audit   'typed-array-length': [ '1.0.6' ],
90 silly audit   'uid-promise': [ '1.0.0' ],
90 silly audit   'unbox-primitive': [ '1.0.2' ],
90 silly audit   undici: [ '5.26.5' ],
90 silly audit   'undici-types': [ '5.26.5' ],
90 silly audit   unpipe: [ '1.0.0' ],
90 silly audit   'uri-js': [ '4.4.1' ],
90 silly audit   'use-callback-ref': [ '1.3.2' ],
90 silly audit   'use-sidecar': [ '1.1.2' ],
90 silly audit   'util-deprecate': [ '1.0.2' ],
90 silly audit   uuid: [ '3.3.2' ],
90 silly audit   'v8-compile-cache-lib': [ '3.0.1' ],
90 silly audit   vercel: [ '34.2.4' ],
90 silly audit   'web-vitals': [ '0.2.4' ],
90 silly audit   'webidl-conversions': [ '3.0.1' ],
90 silly audit   'whatwg-url': [ '5.0.0' ],
90 silly audit   which: [ '2.0.2' ],
90 silly audit   'which-boxed-primitive': [ '1.0.2' ],
90 silly audit   'which-builtin-type': [ '1.1.3' ],
90 silly audit   'which-collection': [ '1.0.2' ],
90 silly audit   'which-typed-array': [ '1.1.15' ],
90 silly audit   'wide-align': [ '1.1.5' ],
90 silly audit   'word-wrap': [ '1.2.5' ],
90 silly audit   'wrap-ansi': [ '8.1.0', '7.0.0' ],
90 silly audit   wrappy: [ '1.0.2' ],
90 silly audit   'xdg-app-paths': [ '5.1.0' ],
90 silly audit   'xdg-portable': [ '7.3.0' ],
90 silly audit   yaml: [ '2.4.2' ],
90 silly audit   yauzl: [ '2.10.0' ],
90 silly audit   'yauzl-clone': [ '1.0.4' ],
90 silly audit   'yauzl-promise': [ '2.1.3' ],
90 silly audit   yn: [ '3.1.1' ],
90 silly audit   'yocto-queue': [ '0.1.0' ],
90 silly audit   sharp: [ '0.33.4' ],
90 silly audit   '@img/sharp-darwin-arm64': [ '0.33.4' ],
90 silly audit   '@img/sharp-darwin-x64': [ '0.33.4' ],
90 silly audit   '@img/sharp-libvips-darwin-arm64': [ '1.0.2' ],
90 silly audit   '@img/sharp-libvips-darwin-x64': [ '1.0.2' ],
90 silly audit   '@img/sharp-libvips-linux-arm': [ '1.0.2' ],
90 silly audit   '@img/sharp-libvips-linux-arm64': [ '1.0.2' ],
90 silly audit   '@img/sharp-libvips-linux-s390x': [ '1.0.2' ],
90 silly audit   '@img/sharp-libvips-linux-x64': [ '1.0.2' ],
90 silly audit   '@img/sharp-libvips-linuxmusl-arm64': [ '1.0.2' ],
90 silly audit   '@img/sharp-libvips-linuxmusl-x64': [ '1.0.2' ],
90 silly audit   '@img/sharp-linux-arm': [ '0.33.4' ],
90 silly audit   '@img/sharp-linux-arm64': [ '0.33.4' ],
90 silly audit   '@img/sharp-linux-s390x': [ '0.33.4' ],
90 silly audit   '@img/sharp-linux-x64': [ '0.33.4' ],
90 silly audit   '@img/sharp-linuxmusl-arm64': [ '0.33.4' ],
90 silly audit   '@img/sharp-linuxmusl-x64': [ '0.33.4' ],
90 silly audit   '@img/sharp-wasm32': [ '0.33.4' ],
90 silly audit   '@img/sharp-win32-ia32': [ '0.33.4' ],
90 silly audit   '@img/sharp-win32-x64': [ '0.33.4' ],
90 silly audit   color: [ '4.2.3' ],
90 silly audit   '@emnapi/runtime': [ '1.2.0' ],
90 silly audit   'color-string': [ '1.9.1' ],
90 silly audit   'simple-swizzle': [ '0.2.2' ],
90 silly audit   'is-arrayish': [ '0.3.2' ]
90 silly audit }
91 verbose reify failed optional dependency C:\Users\faruk\Documents\Fiverr\Orders\textartv2\node_modules\@img\sharp-win32-ia32
92 silly reify mark deleted [
92 silly reify   'C:\\Users\\faruk\\Documents\\Fiverr\\Orders\\textartv2\\node_modules\\@img\\sharp-win32-ia32'
92 silly reify ]
93 verbose reify failed optional dependency C:\Users\faruk\Documents\Fiverr\Orders\textartv2\node_modules\@img\sharp-wasm32
94 silly reify mark deleted [
94 silly reify   'C:\\Users\\faruk\\Documents\\Fiverr\\Orders\\textartv2\\node_modules\\@img\\sharp-wasm32'
94 silly reify ]
95 verbose reify failed optional dependency C:\Users\faruk\Documents\Fiverr\Orders\textartv2\node_modules\@emnapi\runtime
96 silly reify mark deleted [
96 silly reify   'C:\\Users\\faruk\\Documents\\Fiverr\\Orders\\textartv2\\node_modules\\@emnapi\\runtime'
96 silly reify ]
97 verbose reify failed optional dependency C:\Users\faruk\Documents\Fiverr\Orders\textartv2\node_modules\@img\sharp-linuxmusl-x64
98 silly reify mark deleted [
98 silly reify   'C:\\Users\\faruk\\Documents\\Fiverr\\Orders\\textartv2\\node_modules\\@img\\sharp-linuxmusl-x64'
98 silly reify ]
99 verbose reify failed optional dependency C:\Users\faruk\Documents\Fiverr\Orders\textartv2\node_modules\@img\sharp-linuxmusl-arm64
100 silly reify mark deleted [
100 silly reify   'C:\\Users\\faruk\\Documents\\Fiverr\\Orders\\textartv2\\node_modules\\@img\\sharp-linuxmusl-arm64'
100 silly reify ]
101 verbose reify failed optional dependency C:\Users\faruk\Documents\Fiverr\Orders\textartv2\node_modules\@img\sharp-linux-x64
102 silly reify mark deleted [
102 silly reify   'C:\\Users\\faruk\\Documents\\Fiverr\\Orders\\textartv2\\node_modules\\@img\\sharp-linux-x64'
102 silly reify ]
103 verbose reify failed optional dependency C:\Users\faruk\Documents\Fiverr\Orders\textartv2\node_modules\@img\sharp-linux-s390x
104 silly reify mark deleted [
104 silly reify   'C:\\Users\\faruk\\Documents\\Fiverr\\Orders\\textartv2\\node_modules\\@img\\sharp-linux-s390x'
104 silly reify ]
105 verbose reify failed optional dependency C:\Users\faruk\Documents\Fiverr\Orders\textartv2\node_modules\@img\sharp-linux-arm64
106 silly reify mark deleted [
106 silly reify   'C:\\Users\\faruk\\Documents\\Fiverr\\Orders\\textartv2\\node_modules\\@img\\sharp-linux-arm64'
106 silly reify ]
107 verbose reify failed optional dependency C:\Users\faruk\Documents\Fiverr\Orders\textartv2\node_modules\@img\sharp-linux-arm
108 silly reify mark deleted [
108 silly reify   'C:\\Users\\faruk\\Documents\\Fiverr\\Orders\\textartv2\\node_modules\\@img\\sharp-linux-arm'
108 silly reify ]
109 verbose reify failed optional dependency C:\Users\faruk\Documents\Fiverr\Orders\textartv2\node_modules\@img\sharp-libvips-linuxmusl-x64
110 silly reify mark deleted [
110 silly reify   'C:\\Users\\faruk\\Documents\\Fiverr\\Orders\\textartv2\\node_modules\\@img\\sharp-libvips-linuxmusl-x64'
110 silly reify ]
111 verbose reify failed optional dependency C:\Users\faruk\Documents\Fiverr\Orders\textartv2\node_modules\@img\sharp-libvips-linuxmusl-arm64
112 silly reify mark deleted [
112 silly reify   'C:\\Users\\faruk\\Documents\\Fiverr\\Orders\\textartv2\\node_modules\\@img\\sharp-libvips-linuxmusl-arm64'
112 silly reify ]
113 verbose reify failed optional dependency C:\Users\faruk\Documents\Fiverr\Orders\textartv2\node_modules\@img\sharp-libvips-linux-x64
114 silly reify mark deleted [
114 silly reify   'C:\\Users\\faruk\\Documents\\Fiverr\\Orders\\textartv2\\node_modules\\@img\\sharp-libvips-linux-x64'
114 silly reify ]
115 verbose reify failed optional dependency C:\Users\faruk\Documents\Fiverr\Orders\textartv2\node_modules\@img\sharp-libvips-linux-s390x
116 silly reify mark deleted [
116 silly reify   'C:\\Users\\faruk\\Documents\\Fiverr\\Orders\\textartv2\\node_modules\\@img\\sharp-libvips-linux-s390x'
116 silly reify ]
117 verbose reify failed optional dependency C:\Users\faruk\Documents\Fiverr\Orders\textartv2\node_modules\@img\sharp-libvips-linux-arm64
118 silly reify mark deleted [
118 silly reify   'C:\\Users\\faruk\\Documents\\Fiverr\\Orders\\textartv2\\node_modules\\@img\\sharp-libvips-linux-arm64'
118 silly reify ]
119 verbose reify failed optional dependency C:\Users\faruk\Documents\Fiverr\Orders\textartv2\node_modules\@img\sharp-libvips-linux-arm
120 silly reify mark deleted [
120 silly reify   'C:\\Users\\faruk\\Documents\\Fiverr\\Orders\\textartv2\\node_modules\\@img\\sharp-libvips-linux-arm'
120 silly reify ]
121 verbose reify failed optional dependency C:\Users\faruk\Documents\Fiverr\Orders\textartv2\node_modules\@img\sharp-libvips-darwin-x64
122 silly reify mark deleted [
122 silly reify   'C:\\Users\\faruk\\Documents\\Fiverr\\Orders\\textartv2\\node_modules\\@img\\sharp-libvips-darwin-x64'
122 silly reify ]
123 verbose reify failed optional dependency C:\Users\faruk\Documents\Fiverr\Orders\textartv2\node_modules\@img\sharp-libvips-darwin-arm64
124 silly reify mark deleted [
124 silly reify   'C:\\Users\\faruk\\Documents\\Fiverr\\Orders\\textartv2\\node_modules\\@img\\sharp-libvips-darwin-arm64'
124 silly reify ]
125 verbose reify failed optional dependency C:\Users\faruk\Documents\Fiverr\Orders\textartv2\node_modules\@img\sharp-darwin-x64
126 silly reify mark deleted [
126 silly reify   'C:\\Users\\faruk\\Documents\\Fiverr\\Orders\\textartv2\\node_modules\\@img\\sharp-darwin-x64'
126 silly reify ]
127 verbose reify failed optional dependency C:\Users\faruk\Documents\Fiverr\Orders\textartv2\node_modules\@img\sharp-darwin-arm64
128 silly reify mark deleted [
128 silly reify   'C:\\Users\\faruk\\Documents\\Fiverr\\Orders\\textartv2\\node_modules\\@img\\sharp-darwin-arm64'
128 silly reify ]
129 verbose reify failed optional dependency C:\Users\faruk\Documents\Fiverr\Orders\textartv2\node_modules\fsevents
130 silly reify mark deleted [
130 silly reify   'C:\\Users\\faruk\\Documents\\Fiverr\\Orders\\textartv2\\node_modules\\fsevents'
130 silly reify ]
131 verbose reify failed optional dependency C:\Users\faruk\Documents\Fiverr\Orders\textartv2\node_modules\esbuild-windows-arm64
132 silly reify mark deleted [
132 silly reify   'C:\\Users\\faruk\\Documents\\Fiverr\\Orders\\textartv2\\node_modules\\esbuild-windows-arm64'
132 silly reify ]
133 verbose reify failed optional dependency C:\Users\faruk\Documents\Fiverr\Orders\textartv2\node_modules\esbuild-windows-32
134 silly reify mark deleted [
134 silly reify   'C:\\Users\\faruk\\Documents\\Fiverr\\Orders\\textartv2\\node_modules\\esbuild-windows-32'
134 silly reify ]
135 verbose reify failed optional dependency C:\Users\faruk\Documents\Fiverr\Orders\textartv2\node_modules\esbuild-sunos-64
136 silly reify mark deleted [
136 silly reify   'C:\\Users\\faruk\\Documents\\Fiverr\\Orders\\textartv2\\node_modules\\esbuild-sunos-64'
136 silly reify ]
137 verbose reify failed optional dependency C:\Users\faruk\Documents\Fiverr\Orders\textartv2\node_modules\esbuild-openbsd-64
138 silly reify mark deleted [
138 silly reify   'C:\\Users\\faruk\\Documents\\Fiverr\\Orders\\textartv2\\node_modules\\esbuild-openbsd-64'
138 silly reify ]
139 verbose reify failed optional dependency C:\Users\faruk\Documents\Fiverr\Orders\textartv2\node_modules\esbuild-netbsd-64
140 silly reify mark deleted [
140 silly reify   'C:\\Users\\faruk\\Documents\\Fiverr\\Orders\\textartv2\\node_modules\\esbuild-netbsd-64'
140 silly reify ]
141 verbose reify failed optional dependency C:\Users\faruk\Documents\Fiverr\Orders\textartv2\node_modules\esbuild-linux-s390x
142 silly reify mark deleted [
142 silly reify   'C:\\Users\\faruk\\Documents\\Fiverr\\Orders\\textartv2\\node_modules\\esbuild-linux-s390x'
142 silly reify ]
143 verbose reify failed optional dependency C:\Users\faruk\Documents\Fiverr\Orders\textartv2\node_modules\esbuild-linux-riscv64
144 silly reify mark deleted [
144 silly reify   'C:\\Users\\faruk\\Documents\\Fiverr\\Orders\\textartv2\\node_modules\\esbuild-linux-riscv64'
144 silly reify ]
145 verbose reify failed optional dependency C:\Users\faruk\Documents\Fiverr\Orders\textartv2\node_modules\esbuild-linux-ppc64le
146 silly reify mark deleted [
146 silly reify   'C:\\Users\\faruk\\Documents\\Fiverr\\Orders\\textartv2\\node_modules\\esbuild-linux-ppc64le'
146 silly reify ]
147 verbose reify failed optional dependency C:\Users\faruk\Documents\Fiverr\Orders\textartv2\node_modules\esbuild-linux-mips64le
148 silly reify mark deleted [
148 silly reify   'C:\\Users\\faruk\\Documents\\Fiverr\\Orders\\textartv2\\node_modules\\esbuild-linux-mips64le'
148 silly reify ]
149 verbose reify failed optional dependency C:\Users\faruk\Documents\Fiverr\Orders\textartv2\node_modules\esbuild-linux-arm64
150 silly reify mark deleted [
150 silly reify   'C:\\Users\\faruk\\Documents\\Fiverr\\Orders\\textartv2\\node_modules\\esbuild-linux-arm64'
150 silly reify ]
151 verbose reify failed optional dependency C:\Users\faruk\Documents\Fiverr\Orders\textartv2\node_modules\esbuild-linux-arm
152 silly reify mark deleted [
152 silly reify   'C:\\Users\\faruk\\Documents\\Fiverr\\Orders\\textartv2\\node_modules\\esbuild-linux-arm'
152 silly reify ]
153 verbose reify failed optional dependency C:\Users\faruk\Documents\Fiverr\Orders\textartv2\node_modules\esbuild-linux-64
154 silly reify mark deleted [
154 silly reify   'C:\\Users\\faruk\\Documents\\Fiverr\\Orders\\textartv2\\node_modules\\esbuild-linux-64'
154 silly reify ]
155 verbose reify failed optional dependency C:\Users\faruk\Documents\Fiverr\Orders\textartv2\node_modules\esbuild-linux-32
156 silly reify mark deleted [
156 silly reify   'C:\\Users\\faruk\\Documents\\Fiverr\\Orders\\textartv2\\node_modules\\esbuild-linux-32'
156 silly reify ]
157 verbose reify failed optional dependency C:\Users\faruk\Documents\Fiverr\Orders\textartv2\node_modules\esbuild-freebsd-arm64
158 silly reify mark deleted [
158 silly reify   'C:\\Users\\faruk\\Documents\\Fiverr\\Orders\\textartv2\\node_modules\\esbuild-freebsd-arm64'
158 silly reify ]
159 verbose reify failed optional dependency C:\Users\faruk\Documents\Fiverr\Orders\textartv2\node_modules\esbuild-freebsd-64
160 silly reify mark deleted [
160 silly reify   'C:\\Users\\faruk\\Documents\\Fiverr\\Orders\\textartv2\\node_modules\\esbuild-freebsd-64'
160 silly reify ]
161 verbose reify failed optional dependency C:\Users\faruk\Documents\Fiverr\Orders\textartv2\node_modules\esbuild-darwin-arm64
162 silly reify mark deleted [
162 silly reify   'C:\\Users\\faruk\\Documents\\Fiverr\\Orders\\textartv2\\node_modules\\esbuild-darwin-arm64'
162 silly reify ]
163 verbose reify failed optional dependency C:\Users\faruk\Documents\Fiverr\Orders\textartv2\node_modules\esbuild-darwin-64
164 silly reify mark deleted [
164 silly reify   'C:\\Users\\faruk\\Documents\\Fiverr\\Orders\\textartv2\\node_modules\\esbuild-darwin-64'
164 silly reify ]
165 verbose reify failed optional dependency C:\Users\faruk\Documents\Fiverr\Orders\textartv2\node_modules\esbuild-android-arm64
166 silly reify mark deleted [
166 silly reify   'C:\\Users\\faruk\\Documents\\Fiverr\\Orders\\textartv2\\node_modules\\esbuild-android-arm64'
166 silly reify ]
167 verbose reify failed optional dependency C:\Users\faruk\Documents\Fiverr\Orders\textartv2\node_modules\esbuild-android-64
168 silly reify mark deleted [
168 silly reify   'C:\\Users\\faruk\\Documents\\Fiverr\\Orders\\textartv2\\node_modules\\esbuild-android-64'
168 silly reify ]
169 verbose reify failed optional dependency C:\Users\faruk\Documents\Fiverr\Orders\textartv2\node_modules\@next\swc-win32-ia32-msvc
170 silly reify mark deleted [
170 silly reify   'C:\\Users\\faruk\\Documents\\Fiverr\\Orders\\textartv2\\node_modules\\@next\\swc-win32-ia32-msvc'
170 silly reify ]
171 verbose reify failed optional dependency C:\Users\faruk\Documents\Fiverr\Orders\textartv2\node_modules\@next\swc-win32-arm64-msvc
172 silly reify mark deleted [
172 silly reify   'C:\\Users\\faruk\\Documents\\Fiverr\\Orders\\textartv2\\node_modules\\@next\\swc-win32-arm64-msvc'
172 silly reify ]
173 verbose reify failed optional dependency C:\Users\faruk\Documents\Fiverr\Orders\textartv2\node_modules\@next\swc-linux-x64-musl
174 silly reify mark deleted [
174 silly reify   'C:\\Users\\faruk\\Documents\\Fiverr\\Orders\\textartv2\\node_modules\\@next\\swc-linux-x64-musl'
174 silly reify ]
175 verbose reify failed optional dependency C:\Users\faruk\Documents\Fiverr\Orders\textartv2\node_modules\@next\swc-linux-x64-gnu
176 silly reify mark deleted [
176 silly reify   'C:\\Users\\faruk\\Documents\\Fiverr\\Orders\\textartv2\\node_modules\\@next\\swc-linux-x64-gnu'
176 silly reify ]
177 verbose reify failed optional dependency C:\Users\faruk\Documents\Fiverr\Orders\textartv2\node_modules\@next\swc-linux-arm64-musl
178 silly reify mark deleted [
178 silly reify   'C:\\Users\\faruk\\Documents\\Fiverr\\Orders\\textartv2\\node_modules\\@next\\swc-linux-arm64-musl'
178 silly reify ]
179 verbose reify failed optional dependency C:\Users\faruk\Documents\Fiverr\Orders\textartv2\node_modules\@next\swc-linux-arm64-gnu
180 silly reify mark deleted [
180 silly reify   'C:\\Users\\faruk\\Documents\\Fiverr\\Orders\\textartv2\\node_modules\\@next\\swc-linux-arm64-gnu'
180 silly reify ]
181 verbose reify failed optional dependency C:\Users\faruk\Documents\Fiverr\Orders\textartv2\node_modules\@next\swc-darwin-x64
182 silly reify mark deleted [
182 silly reify   'C:\\Users\\faruk\\Documents\\Fiverr\\Orders\\textartv2\\node_modules\\@next\\swc-darwin-x64'
182 silly reify ]
183 verbose reify failed optional dependency C:\Users\faruk\Documents\Fiverr\Orders\textartv2\node_modules\@next\swc-darwin-arm64
184 silly reify mark deleted [
184 silly reify   'C:\\Users\\faruk\\Documents\\Fiverr\\Orders\\textartv2\\node_modules\\@next\\swc-darwin-arm64'
184 silly reify ]
185 verbose reify failed optional dependency C:\Users\faruk\Documents\Fiverr\Orders\textartv2\node_modules\vercel\node_modules\fsevents
186 silly reify mark deleted [
186 silly reify   'C:\\Users\\faruk\\Documents\\Fiverr\\Orders\\textartv2\\node_modules\\vercel\\node_modules\\fsevents'
186 silly reify ]
187 silly tarball no local data for simple-swizzle@https://registry.npmjs.org/simple-swizzle/-/simple-swizzle-0.2.2.tgz. Extracting by manifest.
188 silly tarball no local data for is-arrayish@https://registry.npmjs.org/is-arrayish/-/is-arrayish-0.3.2.tgz. Extracting by manifest.
189 silly tarball no local data for @emnapi/runtime@https://registry.npmjs.org/@emnapi/runtime/-/runtime-1.2.0.tgz. Extracting by manifest.
190 silly tarball no local data for color-string@https://registry.npmjs.org/color-string/-/color-string-1.9.1.tgz. Extracting by manifest.
191 silly tarball no local data for color@https://registry.npmjs.org/color/-/color-4.2.3.tgz. Extracting by manifest.
192 silly tarball no local data for @img/sharp-win32-x64@https://registry.npmjs.org/@img/sharp-win32-x64/-/sharp-win32-x64-0.33.4.tgz. Extracting by manifest.
193 silly tarball no local data for sharp@https://registry.npmjs.org/sharp/-/sharp-0.33.4.tgz. Extracting by manifest.
194 http fetch GET 200 https://registry.npmjs.org/simple-swizzle/-/simple-swizzle-0.2.2.tgz 115ms (cache miss)
195 http fetch GET 200 https://registry.npmjs.org/color-string/-/color-string-1.9.1.tgz 114ms (cache miss)
196 http fetch GET 200 https://registry.npmjs.org/color/-/color-4.2.3.tgz 114ms (cache miss)
197 http fetch GET 200 https://registry.npmjs.org/is-arrayish/-/is-arrayish-0.3.2.tgz 128ms (cache miss)
198 http fetch POST 200 https://registry.npmjs.org/-/npm/v1/security/advisories/bulk 307ms
199 silly audit report {
199 silly audit report   tar: [
199 silly audit report     {
199 silly audit report       id: 1096915,
199 silly audit report       url: 'https://github.com/advisories/GHSA-f5x3-32g6-xq36',
199 silly audit report       title: 'Denial of service while parsing a tar file due to lack of folders count validation',
199 silly audit report       severity: 'moderate',
199 silly audit report       vulnerable_versions: '<6.2.1',
199 silly audit report       cwe: [Array],
199 silly audit report       cvss: [Object]
199 silly audit report     }
199 silly audit report   ],
199 silly audit report   debug: [
199 silly audit report     {
199 silly audit report       id: 1096792,
199 silly audit report       url: 'https://github.com/advisories/GHSA-gxpj-cx7g-858c',
199 silly audit report       title: 'Regular Expression Denial of Service in debug',
199 silly audit report       severity: 'low',
199 silly audit report       vulnerable_versions: '>=4.0.0 <4.3.1',
199 silly audit report       cwe: [Array],
199 silly audit report       cvss: [Object]
199 silly audit report     }
199 silly audit report   ],
199 silly audit report   semver: [
199 silly audit report     {
199 silly audit report       id: 1096482,
199 silly audit report       url: 'https://github.com/advisories/GHSA-c2qf-rxjj-qqgw',
199 silly audit report       title: 'semver vulnerable to Regular Expression Denial of Service',
199 silly audit report       severity: 'moderate',
199 silly audit report       vulnerable_versions: '>=7.0.0 <7.5.2',
199 silly audit report       cwe: [Array],
199 silly audit report       cvss: [Object]
199 silly audit report     }
199 silly audit report   ],
199 silly audit report   undici: [
199 silly audit report     {
199 silly audit report       id: 1097109,
199 silly audit report       url: 'https://github.com/advisories/GHSA-m4v8-wqvr-p9f7',
199 silly audit report       title: "Undici's Proxy-Authorization header not cleared on cross-origin redirect for dispatch, request, stream, pipeline",
199 silly audit report       severity: 'low',
199 silly audit report       vulnerable_versions: '<5.28.4',
199 silly audit report       cwe: [Array],
199 silly audit report       cvss: [Object]
199 silly audit report     },
199 silly audit report     {
199 silly audit report       id: 1097200,
199 silly audit report       url: 'https://github.com/advisories/GHSA-9qxr-qj54-h672',
199 silly audit report       title: "Undici's fetch with integrity option is too lax when algorithm is specified but hash value is in incorrect",
199 silly audit report       severity: 'low',
199 silly audit report       vulnerable_versions: '<5.28.4',
199 silly audit report       cwe: [Array],
199 silly audit report       cvss: [Object]
199 silly audit report     },
199 silly audit report     {
199 silly audit report       id: 1097221,
199 silly audit report       url: 'https://github.com/advisories/GHSA-3787-6prv-h9w3',
199 silly audit report       title: 'Undici proxy-authorization header not cleared on cross-origin redirect in fetch',
199 silly audit report       severity: 'low',
199 silly audit report       vulnerable_versions: '<=5.28.2',
199 silly audit report       cwe: [Array],
199 silly audit report       cvss: [Object]
199 silly audit report     }
199 silly audit report   ]
199 silly audit report }
200 http fetch GET 200 https://registry.npmjs.org/semver 115ms (cache revalidated)
201 http fetch GET 200 https://registry.npmjs.org/debug 123ms (cache revalidated)
202 http fetch GET 200 https://registry.npmjs.org/tar 126ms (cache revalidated)
203 http fetch GET 200 https://registry.npmjs.org/undici 135ms (cache revalidated)
204 http fetch GET 200 https://registry.npmjs.org/sharp/-/sharp-0.33.4.tgz 473ms (cache miss)
205 http fetch GET 200 https://registry.npmjs.org/@emnapi/runtime/-/runtime-1.2.0.tgz 491ms (cache miss)
206 http fetch GET 200 https://registry.npmjs.org/@vercel%2ffun 3337ms (cache revalidated)
207 http fetch GET 200 https://registry.npmjs.org/@img/sharp-win32-x64/-/sharp-win32-x64-0.33.4.tgz 3797ms (cache miss)
208 info run sharp@0.33.4 install node_modules/sharp node install/check
209 info run sharp@0.33.4 install { code: 0, signal: null }
210 http fetch GET 200 https://registry.npmjs.org/@vercel%2fnode 610ms (cache revalidated)
211 http fetch GET 200 https://registry.npmjs.org/vercel 90ms (cache revalidated)
212 silly ADD node_modules/is-arrayish
213 silly ADD node_modules/simple-swizzle
214 silly ADD node_modules/color-string
215 silly ADD
216 silly ADD node_modules/color
217 silly ADD node_modules/@img/sharp-win32-x64
218 silly ADD
219 silly ADD
220 silly ADD
221 silly ADD
222 silly ADD
223 silly ADD
224 silly ADD
225 silly ADD
226 silly ADD
227 silly ADD
228 silly ADD
229 silly ADD
230 silly ADD
231 silly ADD
232 silly ADD
233 silly ADD
234 silly ADD
235 silly ADD
236 silly ADD node_modules/sharp
237 silly ADD
238 silly ADD
239 silly ADD
240 silly ADD
241 silly ADD
242 silly ADD
243 silly ADD
244 silly ADD
245 silly ADD
246 silly ADD
247 silly ADD
248 silly ADD
249 silly ADD
250 silly ADD
251 silly ADD
252 silly ADD
253 silly ADD
254 silly ADD
255 silly ADD
256 silly ADD
257 silly ADD
258 silly ADD
259 silly ADD
260 silly ADD
261 silly ADD
262 silly ADD
263 silly ADD
264 silly ADD
265 silly ADD
266 verbose exit 0
267 info ok
