0 verbose cli C:\Program Files\nodejs\node.exe C:\Program Files\nodejs\node_modules\npm\bin\npm-cli.js
1 info using npm@10.7.0
2 info using node@v20.14.0
3 silly config:load:file:C:\Program Files\nodejs\node_modules\npm\npmrc
4 silly config:load:file:C:\Users\faruk\Documents\Fiverr\Orders\textartv2\.npmrc
5 silly config:load:file:C:\Users\faruk\.npmrc
6 silly config:load:file:C:\Users\faruk\Documents\Fiverr\Orders\textartv2\UsersmynameAppDataRoamingnpm\etc\npmrc
7 verbose title npm i shar
8 verbose argv "i" "shar"
9 verbose logfile logs-max:10 dir:C:\Users\faruk\Documents\Fiverr\Orders\textartv2\UsersmynameAppDataRoamingnpm-cache\_logs\2024-06-04T09_37_39_491Z-
10 verbose logfile C:\Users\faruk\Documents\Fiverr\Orders\textartv2\UsersmynameAppDataRoamingnpm-cache\_logs\2024-06-04T09_37_39_491Z-debug-0.log
11 silly logfile start cleaning logs, removing 1 files
12 silly logfile done cleaning log files
13 silly idealTree buildDeps
14 silly fetch manifest shar@*
15 http fetch GET 200 https://registry.npmjs.org/shar 761ms (cache miss)
16 silly placeDep ROOT shar@ OK for: textartpro@0.1.0 want: *
17 verbose type range
18 verbose stack shar: No versions available for shar
18 verbose stack     at pickManifest (C:\Program Files\nodejs\node_modules\npm\node_modules\npm-pick-manifest\lib\index.js:140:25)
18 verbose stack     at module.exports (C:\Program Files\nodejs\node_modules\npm\node_modules\npm-pick-manifest\lib\index.js:187:16)
18 verbose stack     at RegistryFetcher.manifest (C:\Program Files\nodejs\node_modules\npm\node_modules\pacote\lib\registry.js:131:54)
18 verbose stack     at async #nodeFromEdge (C:\Program Files\nodejs\node_modules\npm\node_modules\@npmcli\arborist\lib\arborist\build-ideal-tree.js:1055:19)
18 verbose stack     at async #buildDepStep (C:\Program Files\nodejs\node_modules\npm\node_modules\@npmcli\arborist\lib\arborist\build-ideal-tree.js:923:11)
18 verbose stack     at async Arborist.buildIdealTree (C:\Program Files\nodejs\node_modules\npm\node_modules\@npmcli\arborist\lib\arborist\build-ideal-tree.js:203:7)
18 verbose stack     at async Promise.all (index 1)
18 verbose stack     at async Arborist.reify (C:\Program Files\nodejs\node_modules\npm\node_modules\@npmcli\arborist\lib\arborist\reify.js:131:5)
18 verbose stack     at async Install.exec (C:\Program Files\nodejs\node_modules\npm\lib\commands\install.js:150:5)
18 verbose stack     at async module.exports (C:\Program Files\nodejs\node_modules\npm\lib\cli\entry.js:74:5)
19 verbose cwd C:\Users\faruk\Documents\Fiverr\Orders\textartv2
20 verbose Windows_NT 10.0.22631
21 verbose node v20.14.0
22 verbose npm  v10.7.0
23 error code ENOVERSIONS
24 error No versions available for shar
25 verbose exit 1
26 verbose code 1
27 silly unfinished npm timer reify 1717493860289
28 silly unfinished npm timer reify:loadTrees 1717493860295
29 error A complete log of this run can be found in: C:\Users\faruk\Documents\Fiverr\Orders\textartv2\UsersmynameAppDataRoamingnpm-cache\_logs\2024-06-04T09_37_39_491Z-debug-0.log
